{"C:\\papper2code\\src\\app\\api\\dojo\\run\\route.ts": {"path":"C:\\papper2code\\src\\app\\api\\dojo\\run\\route.ts","all":false,"statementMap":{"0":{"start":{"line":1,"column":0},"end":{"line":1,"column":56}},"7":{"start":{"line":8,"column":0},"end":{"line":8,"column":24}},"8":{"start":{"line":9,"column":0},"end":{"line":9,"column":31}},"21":{"start":{"line":22,"column":0},"end":{"line":22,"column":25}},"22":{"start":{"line":23,"column":0},"end":{"line":23,"column":15}},"23":{"start":{"line":24,"column":0},"end":{"line":24,"column":16}},"24":{"start":{"line":25,"column":0},"end":{"line":25,"column":16}},"25":{"start":{"line":26,"column":0},"end":{"line":26,"column":16}},"26":{"start":{"line":27,"column":0},"end":{"line":27,"column":5}},"27":{"start":{"line":28,"column":0},"end":{"line":28,"column":9}},"28":{"start":{"line":29,"column":0},"end":{"line":29,"column":27}},"29":{"start":{"line":30,"column":0},"end":{"line":30,"column":25}},"30":{"start":{"line":31,"column":0},"end":{"line":31,"column":24}},"31":{"start":{"line":32,"column":0},"end":{"line":32,"column":26}},"32":{"start":{"line":33,"column":0},"end":{"line":33,"column":5}},"33":{"start":{"line":34,"column":0},"end":{"line":34,"column":27}},"34":{"start":{"line":35,"column":0},"end":{"line":35,"column":47}},"35":{"start":{"line":36,"column":0},"end":{"line":36,"column":30}},"36":{"start":{"line":37,"column":0},"end":{"line":37,"column":41}},"37":{"start":{"line":38,"column":0},"end":{"line":38,"column":50}},"38":{"start":{"line":39,"column":0},"end":{"line":39,"column":33}},"39":{"start":{"line":40,"column":0},"end":{"line":40,"column":47}},"40":{"start":{"line":41,"column":0},"end":{"line":41,"column":30}},"41":{"start":{"line":42,"column":0},"end":{"line":42,"column":17}},"42":{"start":{"line":43,"column":0},"end":{"line":43,"column":5}},"43":{"start":{"line":44,"column":0},"end":{"line":44,"column":37}},"44":{"start":{"line":45,"column":0},"end":{"line":45,"column":30}},"45":{"start":{"line":46,"column":0},"end":{"line":46,"column":30}},"46":{"start":{"line":47,"column":0},"end":{"line":47,"column":56}},"47":{"start":{"line":48,"column":0},"end":{"line":48,"column":33}},"48":{"start":{"line":49,"column":0},"end":{"line":49,"column":29}},"49":{"start":{"line":50,"column":0},"end":{"line":50,"column":69}},"50":{"start":{"line":51,"column":0},"end":{"line":51,"column":72}},"51":{"start":{"line":52,"column":0},"end":{"line":52,"column":47}},"52":{"start":{"line":53,"column":0},"end":{"line":53,"column":28}},"53":{"start":{"line":54,"column":0},"end":{"line":54,"column":23}},"54":{"start":{"line":55,"column":0},"end":{"line":55,"column":28}},"55":{"start":{"line":56,"column":0},"end":{"line":56,"column":25}},"56":{"start":{"line":57,"column":0},"end":{"line":57,"column":22}},"57":{"start":{"line":58,"column":0},"end":{"line":58,"column":5}},"58":{"start":{"line":59,"column":0},"end":{"line":59,"column":26}},"59":{"start":{"line":60,"column":0},"end":{"line":60,"column":18}},"60":{"start":{"line":61,"column":0},"end":{"line":61,"column":30}},"61":{"start":{"line":62,"column":0},"end":{"line":62,"column":5}},"62":{"start":{"line":63,"column":0},"end":{"line":63,"column":49}},"63":{"start":{"line":64,"column":0},"end":{"line":64,"column":17}},"64":{"start":{"line":65,"column":0},"end":{"line":65,"column":5}},"65":{"start":{"line":66,"column":0},"end":{"line":66,"column":40}},"66":{"start":{"line":67,"column":0},"end":{"line":67,"column":36}},"67":{"start":{"line":68,"column":0},"end":{"line":68,"column":13}},"68":{"start":{"line":69,"column":0},"end":{"line":69,"column":37}},"69":{"start":{"line":70,"column":0},"end":{"line":70,"column":26}},"70":{"start":{"line":71,"column":0},"end":{"line":71,"column":27}},"71":{"start":{"line":72,"column":0},"end":{"line":72,"column":65}},"72":{"start":{"line":73,"column":0},"end":{"line":73,"column":51}},"73":{"start":{"line":74,"column":0},"end":{"line":74,"column":18}},"74":{"start":{"line":75,"column":0},"end":{"line":75,"column":18}},"75":{"start":{"line":76,"column":0},"end":{"line":76,"column":36}},"76":{"start":{"line":77,"column":0},"end":{"line":77,"column":45}},"77":{"start":{"line":78,"column":0},"end":{"line":78,"column":59}},"78":{"start":{"line":79,"column":0},"end":{"line":79,"column":48}},"79":{"start":{"line":80,"column":0},"end":{"line":80,"column":36}},"80":{"start":{"line":81,"column":0},"end":{"line":81,"column":55}},"81":{"start":{"line":82,"column":0},"end":{"line":82,"column":29}},"82":{"start":{"line":83,"column":0},"end":{"line":83,"column":28}},"83":{"start":{"line":84,"column":0},"end":{"line":84,"column":34}},"84":{"start":{"line":85,"column":0},"end":{"line":85,"column":38}},"85":{"start":{"line":86,"column":0},"end":{"line":86,"column":38}},"86":{"start":{"line":87,"column":0},"end":{"line":87,"column":49}},"87":{"start":{"line":88,"column":0},"end":{"line":88,"column":31}},"88":{"start":{"line":89,"column":0},"end":{"line":89,"column":15}},"89":{"start":{"line":90,"column":0},"end":{"line":90,"column":31}},"90":{"start":{"line":91,"column":0},"end":{"line":91,"column":59}},"91":{"start":{"line":92,"column":0},"end":{"line":92,"column":29}},"92":{"start":{"line":93,"column":0},"end":{"line":93,"column":28}},"93":{"start":{"line":94,"column":0},"end":{"line":94,"column":33}},"94":{"start":{"line":95,"column":0},"end":{"line":95,"column":32}},"95":{"start":{"line":96,"column":0},"end":{"line":96,"column":42}},"96":{"start":{"line":97,"column":0},"end":{"line":97,"column":49}},"97":{"start":{"line":98,"column":0},"end":{"line":98,"column":33}},"98":{"start":{"line":99,"column":0},"end":{"line":99,"column":15}},"99":{"start":{"line":100,"column":0},"end":{"line":100,"column":5}},"100":{"start":{"line":101,"column":0},"end":{"line":101,"column":60}},"101":{"start":{"line":102,"column":0},"end":{"line":102,"column":13}},"103":{"start":{"line":104,"column":0},"end":{"line":104,"column":25}},"104":{"start":{"line":105,"column":0},"end":{"line":105,"column":19}},"105":{"start":{"line":106,"column":0},"end":{"line":106,"column":37}},"106":{"start":{"line":107,"column":0},"end":{"line":107,"column":23}},"107":{"start":{"line":108,"column":0},"end":{"line":108,"column":23}},"108":{"start":{"line":109,"column":0},"end":{"line":109,"column":11}},"109":{"start":{"line":110,"column":0},"end":{"line":110,"column":79}},"112":{"start":{"line":113,"column":0},"end":{"line":113,"column":85}},"113":{"start":{"line":114,"column":0},"end":{"line":114,"column":24}},"114":{"start":{"line":115,"column":0},"end":{"line":115,"column":39}},"115":{"start":{"line":116,"column":0},"end":{"line":116,"column":49}},"116":{"start":{"line":117,"column":0},"end":{"line":117,"column":44}},"117":{"start":{"line":118,"column":0},"end":{"line":118,"column":1}},"119":{"start":{"line":120,"column":0},"end":{"line":120,"column":57}},"120":{"start":{"line":121,"column":0},"end":{"line":121,"column":43}},"121":{"start":{"line":122,"column":0},"end":{"line":122,"column":36}},"122":{"start":{"line":123,"column":0},"end":{"line":123,"column":35}},"123":{"start":{"line":124,"column":0},"end":{"line":124,"column":19}},"125":{"start":{"line":126,"column":0},"end":{"line":126,"column":9}},"126":{"start":{"line":127,"column":0},"end":{"line":127,"column":31}},"127":{"start":{"line":128,"column":0},"end":{"line":128,"column":30}},"128":{"start":{"line":129,"column":0},"end":{"line":129,"column":32}},"129":{"start":{"line":130,"column":0},"end":{"line":130,"column":28}},"130":{"start":{"line":131,"column":0},"end":{"line":131,"column":29}},"131":{"start":{"line":132,"column":0},"end":{"line":132,"column":51}},"132":{"start":{"line":133,"column":0},"end":{"line":133,"column":17}},"133":{"start":{"line":134,"column":0},"end":{"line":134,"column":9}},"134":{"start":{"line":135,"column":0},"end":{"line":135,"column":31}},"135":{"start":{"line":136,"column":0},"end":{"line":136,"column":8}},"136":{"start":{"line":137,"column":0},"end":{"line":137,"column":6}},"137":{"start":{"line":138,"column":0},"end":{"line":138,"column":5}},"138":{"start":{"line":139,"column":0},"end":{"line":139,"column":1}},"140":{"start":{"line":141,"column":0},"end":{"line":141,"column":50}},"141":{"start":{"line":142,"column":0},"end":{"line":142,"column":36}},"143":{"start":{"line":144,"column":0},"end":{"line":144,"column":7}},"144":{"start":{"line":145,"column":0},"end":{"line":145,"column":54}},"145":{"start":{"line":146,"column":0},"end":{"line":146,"column":71}},"147":{"start":{"line":148,"column":0},"end":{"line":148,"column":44}},"148":{"start":{"line":149,"column":0},"end":{"line":149,"column":79}},"149":{"start":{"line":150,"column":0},"end":{"line":150,"column":5}},"150":{"start":{"line":151,"column":0},"end":{"line":151,"column":40}},"151":{"start":{"line":152,"column":0},"end":{"line":152,"column":76}},"152":{"start":{"line":153,"column":0},"end":{"line":153,"column":5}},"153":{"start":{"line":154,"column":0},"end":{"line":154,"column":60}},"154":{"start":{"line":155,"column":0},"end":{"line":155,"column":87}},"155":{"start":{"line":156,"column":0},"end":{"line":156,"column":5}},"157":{"start":{"line":158,"column":0},"end":{"line":158,"column":62}},"158":{"start":{"line":159,"column":0},"end":{"line":159,"column":109}},"159":{"start":{"line":160,"column":0},"end":{"line":160,"column":5}},"161":{"start":{"line":162,"column":0},"end":{"line":162,"column":46}},"162":{"start":{"line":163,"column":0},"end":{"line":163,"column":46}},"163":{"start":{"line":164,"column":0},"end":{"line":164,"column":79}},"164":{"start":{"line":165,"column":0},"end":{"line":165,"column":43}},"166":{"start":{"line":167,"column":0},"end":{"line":167,"column":29}},"167":{"start":{"line":168,"column":0},"end":{"line":168,"column":41}},"168":{"start":{"line":169,"column":0},"end":{"line":169,"column":39}},"170":{"start":{"line":171,"column":0},"end":{"line":171,"column":77}},"172":{"start":{"line":173,"column":0},"end":{"line":173,"column":67}},"173":{"start":{"line":174,"column":0},"end":{"line":174,"column":17}},"174":{"start":{"line":175,"column":0},"end":{"line":175,"column":69}},"175":{"start":{"line":176,"column":0},"end":{"line":176,"column":32}},"176":{"start":{"line":177,"column":0},"end":{"line":177,"column":31}},"177":{"start":{"line":178,"column":0},"end":{"line":178,"column":61}},"178":{"start":{"line":179,"column":0},"end":{"line":179,"column":24}},"179":{"start":{"line":180,"column":0},"end":{"line":180,"column":8}},"180":{"start":{"line":181,"column":0},"end":{"line":181,"column":5}},"181":{"start":{"line":182,"column":0},"end":{"line":182,"column":29}},"182":{"start":{"line":183,"column":0},"end":{"line":183,"column":47}},"183":{"start":{"line":184,"column":0},"end":{"line":184,"column":22}},"184":{"start":{"line":185,"column":0},"end":{"line":185,"column":6}},"185":{"start":{"line":186,"column":0},"end":{"line":186,"column":13}},"186":{"start":{"line":187,"column":0},"end":{"line":187,"column":18}},"187":{"start":{"line":188,"column":0},"end":{"line":188,"column":43}},"188":{"start":{"line":189,"column":0},"end":{"line":189,"column":5}},"189":{"start":{"line":190,"column":0},"end":{"line":190,"column":3}},"190":{"start":{"line":191,"column":0},"end":{"line":191,"column":1}}},"s":{"0":1,"7":1,"8":1,"21":1,"22":1,"23":1,"24":1,"25":1,"26":1,"27":1,"28":1,"29":1,"30":1,"31":1,"32":1,"33":1,"34":1,"35":1,"36":1,"37":1,"38":1,"39":1,"40":1,"41":1,"42":1,"43":1,"44":1,"45":1,"46":1,"47":1,"48":1,"49":1,"50":1,"51":1,"52":1,"53":1,"54":1,"55":1,"56":1,"57":1,"58":1,"59":1,"60":1,"61":1,"62":1,"63":1,"64":1,"65":1,"66":1,"67":1,"68":1,"69":1,"70":1,"71":1,"72":1,"73":1,"74":1,"75":1,"76":1,"77":1,"78":1,"79":1,"80":1,"81":1,"82":1,"83":1,"84":1,"85":1,"86":1,"87":1,"88":1,"89":1,"90":1,"91":1,"92":1,"93":1,"94":1,"95":1,"96":1,"97":1,"98":1,"99":1,"100":1,"101":1,"103":7,"104":7,"105":7,"106":7,"107":7,"108":7,"109":7,"112":7,"113":7,"114":7,"115":7,"116":7,"117":7,"119":7,"120":7,"121":7,"122":0,"123":7,"125":7,"126":7,"127":7,"128":7,"129":7,"130":7,"131":1,"132":1,"133":1,"134":6,"135":7,"136":7,"137":7,"138":7,"140":12,"141":12,"143":12,"144":12,"145":12,"147":12,"148":1,"149":1,"150":12,"151":1,"152":1,"153":12,"154":1,"155":1,"157":12,"158":2,"159":2,"161":7,"162":7,"163":7,"164":7,"166":7,"167":7,"168":6,"170":6,"172":6,"173":12,"174":1,"175":1,"176":1,"177":1,"178":1,"179":1,"180":1,"181":0,"182":0,"183":0,"184":0,"185":12,"186":12,"187":7,"188":7,"189":12,"190":12},"branchMap":{"0":{"type":"branch","line":104,"loc":{"start":{"line":104,"column":0},"end":{"line":118,"column":1}},"locations":[{"start":{"line":104,"column":0},"end":{"line":118,"column":1}}]},"1":{"type":"branch","line":110,"loc":{"start":{"line":110,"column":65},"end":{"line":110,"column":79}},"locations":[{"start":{"line":110,"column":65},"end":{"line":110,"column":79}}]},"2":{"type":"branch","line":110,"loc":{"start":{"line":110,"column":47},"end":{"line":110,"column":65}},"locations":[{"start":{"line":110,"column":47},"end":{"line":110,"column":65}}]},"3":{"type":"branch","line":120,"loc":{"start":{"line":120,"column":0},"end":{"line":139,"column":1}},"locations":[{"start":{"line":120,"column":0},"end":{"line":139,"column":1}}]},"4":{"type":"branch","line":121,"loc":{"start":{"line":121,"column":21},"end":{"line":138,"column":3}},"locations":[{"start":{"line":121,"column":21},"end":{"line":138,"column":3}}]},"5":{"type":"branch","line":129,"loc":{"start":{"line":129,"column":6},"end":{"line":136,"column":8}},"locations":[{"start":{"line":129,"column":6},"end":{"line":136,"column":8}}]},"6":{"type":"branch","line":131,"loc":{"start":{"line":131,"column":12},"end":{"line":131,"column":28}},"locations":[{"start":{"line":131,"column":12},"end":{"line":131,"column":28}}]},"7":{"type":"branch","line":131,"loc":{"start":{"line":131,"column":28},"end":{"line":134,"column":9}},"locations":[{"start":{"line":131,"column":28},"end":{"line":134,"column":9}}]},"8":{"type":"branch","line":134,"loc":{"start":{"line":134,"column":8},"end":{"line":135,"column":31}},"locations":[{"start":{"line":134,"column":8},"end":{"line":135,"column":31}}]},"9":{"type":"branch","line":141,"loc":{"start":{"line":141,"column":0},"end":{"line":191,"column":1}},"locations":[{"start":{"line":141,"column":0},"end":{"line":191,"column":1}}]},"10":{"type":"branch","line":148,"loc":{"start":{"line":148,"column":9},"end":{"line":148,"column":43}},"locations":[{"start":{"line":148,"column":9},"end":{"line":148,"column":43}}]},"11":{"type":"branch","line":148,"loc":{"start":{"line":148,"column":43},"end":{"line":150,"column":5}},"locations":[{"start":{"line":148,"column":43},"end":{"line":150,"column":5}}]},"12":{"type":"branch","line":150,"loc":{"start":{"line":150,"column":4},"end":{"line":151,"column":39}},"locations":[{"start":{"line":150,"column":4},"end":{"line":151,"column":39}}]},"13":{"type":"branch","line":151,"loc":{"start":{"line":151,"column":39},"end":{"line":153,"column":5}},"locations":[{"start":{"line":151,"column":39},"end":{"line":153,"column":5}}]},"14":{"type":"branch","line":153,"loc":{"start":{"line":153,"column":4},"end":{"line":154,"column":25}},"locations":[{"start":{"line":153,"column":4},"end":{"line":154,"column":25}}]},"15":{"type":"branch","line":154,"loc":{"start":{"line":154,"column":9},"end":{"line":154,"column":59}},"locations":[{"start":{"line":154,"column":9},"end":{"line":154,"column":59}}]},"16":{"type":"branch","line":154,"loc":{"start":{"line":154,"column":59},"end":{"line":156,"column":5}},"locations":[{"start":{"line":154,"column":59},"end":{"line":156,"column":5}}]},"17":{"type":"branch","line":156,"loc":{"start":{"line":156,"column":4},"end":{"line":158,"column":61}},"locations":[{"start":{"line":156,"column":4},"end":{"line":158,"column":61}}]},"18":{"type":"branch","line":158,"loc":{"start":{"line":158,"column":61},"end":{"line":160,"column":5}},"locations":[{"start":{"line":158,"column":61},"end":{"line":160,"column":5}}]},"19":{"type":"branch","line":160,"loc":{"start":{"line":160,"column":4},"end":{"line":168,"column":41}},"locations":[{"start":{"line":160,"column":4},"end":{"line":168,"column":41}}]},"20":{"type":"branch","line":168,"loc":{"start":{"line":168,"column":39},"end":{"line":174,"column":11}},"locations":[{"start":{"line":168,"column":39},"end":{"line":174,"column":11}}]},"21":{"type":"branch","line":174,"loc":{"start":{"line":174,"column":2},"end":{"line":186,"column":4}},"locations":[{"start":{"line":174,"column":2},"end":{"line":186,"column":4}}]},"22":{"type":"branch","line":175,"loc":{"start":{"line":175,"column":47},"end":{"line":175,"column":69}},"locations":[{"start":{"line":175,"column":47},"end":{"line":175,"column":69}}]},"23":{"type":"branch","line":181,"loc":{"start":{"line":181,"column":4},"end":{"line":186,"column":4}},"locations":[{"start":{"line":181,"column":4},"end":{"line":186,"column":4}}]},"24":{"type":"branch","line":186,"loc":{"start":{"line":186,"column":2},"end":{"line":186,"column":4}},"locations":[{"start":{"line":186,"column":2},"end":{"line":186,"column":4}}]},"25":{"type":"branch","line":187,"loc":{"start":{"line":187,"column":17},"end":{"line":189,"column":5}},"locations":[{"start":{"line":187,"column":17},"end":{"line":189,"column":5}}]},"26":{"type":"branch","line":188,"loc":{"start":{"line":188,"column":33},"end":{"line":188,"column":43}},"locations":[{"start":{"line":188,"column":33},"end":{"line":188,"column":43}}]}},"b":{"0":[7],"1":[0],"2":[7],"3":[7],"4":[7],"5":[7],"6":[1],"7":[1],"8":[6],"9":[12],"10":[11],"11":[1],"12":[11],"13":[1],"14":[10],"15":[9],"16":[1],"17":[9],"18":[2],"19":[7],"20":[6],"21":[1],"22":[0],"23":[0],"24":[0],"25":[7],"26":[0]},"fnMap":{"0":{"name":"buildTestScript","decl":{"start":{"line":104,"column":0},"end":{"line":118,"column":1}},"loc":{"start":{"line":104,"column":0},"end":{"line":118,"column":1}},"line":104},"1":{"name":"runScript","decl":{"start":{"line":120,"column":0},"end":{"line":139,"column":1}},"loc":{"start":{"line":120,"column":0},"end":{"line":139,"column":1}},"line":120},"2":{"name":"POST","decl":{"start":{"line":141,"column":0},"end":{"line":191,"column":1}},"loc":{"start":{"line":141,"column":0},"end":{"line":191,"column":1}},"line":141}},"f":{"0":7,"1":7,"2":12}}
,"C:\\papper2code\\src\\app\\api\\dojo\\submit\\route.ts": {"path":"C:\\papper2code\\src\\app\\api\\dojo\\submit\\route.ts","all":false,"statementMap":{"0":{"start":{"line":1,"column":0},"end":{"line":1,"column":56}},"8":{"start":{"line":9,"column":0},"end":{"line":9,"column":26}},"19":{"start":{"line":20,"column":0},"end":{"line":20,"column":25}},"20":{"start":{"line":21,"column":0},"end":{"line":21,"column":15}},"21":{"start":{"line":22,"column":0},"end":{"line":22,"column":16}},"22":{"start":{"line":23,"column":0},"end":{"line":23,"column":16}},"23":{"start":{"line":24,"column":0},"end":{"line":24,"column":16}},"24":{"start":{"line":25,"column":0},"end":{"line":25,"column":5}},"25":{"start":{"line":26,"column":0},"end":{"line":26,"column":9}},"26":{"start":{"line":27,"column":0},"end":{"line":27,"column":27}},"27":{"start":{"line":28,"column":0},"end":{"line":28,"column":25}},"28":{"start":{"line":29,"column":0},"end":{"line":29,"column":24}},"29":{"start":{"line":30,"column":0},"end":{"line":30,"column":26}},"30":{"start":{"line":31,"column":0},"end":{"line":31,"column":5}},"31":{"start":{"line":32,"column":0},"end":{"line":32,"column":27}},"32":{"start":{"line":33,"column":0},"end":{"line":33,"column":47}},"33":{"start":{"line":34,"column":0},"end":{"line":34,"column":30}},"34":{"start":{"line":35,"column":0},"end":{"line":35,"column":41}},"35":{"start":{"line":36,"column":0},"end":{"line":36,"column":50}},"36":{"start":{"line":37,"column":0},"end":{"line":37,"column":17}},"37":{"start":{"line":38,"column":0},"end":{"line":38,"column":5}},"38":{"start":{"line":39,"column":0},"end":{"line":39,"column":37}},"39":{"start":{"line":40,"column":0},"end":{"line":40,"column":30}},"40":{"start":{"line":41,"column":0},"end":{"line":41,"column":30}},"41":{"start":{"line":42,"column":0},"end":{"line":42,"column":56}},"42":{"start":{"line":43,"column":0},"end":{"line":43,"column":46}},"43":{"start":{"line":44,"column":0},"end":{"line":44,"column":69}},"44":{"start":{"line":45,"column":0},"end":{"line":45,"column":72}},"45":{"start":{"line":46,"column":0},"end":{"line":46,"column":60}},"46":{"start":{"line":47,"column":0},"end":{"line":47,"column":22}},"47":{"start":{"line":48,"column":0},"end":{"line":48,"column":5}},"48":{"start":{"line":49,"column":0},"end":{"line":49,"column":26}},"49":{"start":{"line":50,"column":0},"end":{"line":50,"column":18}},"50":{"start":{"line":51,"column":0},"end":{"line":51,"column":30}},"51":{"start":{"line":52,"column":0},"end":{"line":52,"column":5}},"52":{"start":{"line":53,"column":0},"end":{"line":53,"column":49}},"53":{"start":{"line":54,"column":0},"end":{"line":54,"column":17}},"54":{"start":{"line":55,"column":0},"end":{"line":55,"column":5}},"55":{"start":{"line":56,"column":0},"end":{"line":56,"column":40}},"56":{"start":{"line":57,"column":0},"end":{"line":57,"column":36}},"57":{"start":{"line":58,"column":0},"end":{"line":58,"column":13}},"58":{"start":{"line":59,"column":0},"end":{"line":59,"column":37}},"59":{"start":{"line":60,"column":0},"end":{"line":60,"column":26}},"60":{"start":{"line":61,"column":0},"end":{"line":61,"column":103}},"61":{"start":{"line":62,"column":0},"end":{"line":62,"column":18}},"62":{"start":{"line":63,"column":0},"end":{"line":63,"column":36}},"63":{"start":{"line":64,"column":0},"end":{"line":64,"column":45}},"64":{"start":{"line":65,"column":0},"end":{"line":65,"column":59}},"65":{"start":{"line":66,"column":0},"end":{"line":66,"column":48}},"66":{"start":{"line":67,"column":0},"end":{"line":67,"column":59}},"67":{"start":{"line":68,"column":0},"end":{"line":68,"column":155}},"68":{"start":{"line":69,"column":0},"end":{"line":69,"column":31}},"69":{"start":{"line":70,"column":0},"end":{"line":70,"column":59}},"70":{"start":{"line":71,"column":0},"end":{"line":71,"column":150}},"71":{"start":{"line":72,"column":0},"end":{"line":72,"column":5}},"72":{"start":{"line":73,"column":0},"end":{"line":73,"column":44}},"73":{"start":{"line":74,"column":0},"end":{"line":74,"column":13}},"75":{"start":{"line":76,"column":0},"end":{"line":76,"column":106}},"76":{"start":{"line":77,"column":0},"end":{"line":77,"column":89}},"77":{"start":{"line":78,"column":0},"end":{"line":78,"column":24}},"78":{"start":{"line":79,"column":0},"end":{"line":79,"column":39}},"79":{"start":{"line":80,"column":0},"end":{"line":80,"column":49}},"80":{"start":{"line":81,"column":0},"end":{"line":81,"column":44}},"81":{"start":{"line":82,"column":0},"end":{"line":82,"column":1}},"83":{"start":{"line":84,"column":0},"end":{"line":84,"column":57}},"84":{"start":{"line":85,"column":0},"end":{"line":85,"column":43}},"85":{"start":{"line":86,"column":0},"end":{"line":86,"column":77}},"86":{"start":{"line":87,"column":0},"end":{"line":87,"column":86}},"87":{"start":{"line":88,"column":0},"end":{"line":88,"column":26}},"88":{"start":{"line":89,"column":0},"end":{"line":89,"column":79}},"89":{"start":{"line":90,"column":0},"end":{"line":90,"column":29}},"90":{"start":{"line":91,"column":0},"end":{"line":91,"column":7}},"91":{"start":{"line":92,"column":0},"end":{"line":92,"column":5}},"92":{"start":{"line":93,"column":0},"end":{"line":93,"column":1}},"94":{"start":{"line":95,"column":0},"end":{"line":95,"column":50}},"95":{"start":{"line":96,"column":0},"end":{"line":96,"column":36}},"96":{"start":{"line":97,"column":0},"end":{"line":97,"column":7}},"97":{"start":{"line":98,"column":0},"end":{"line":98,"column":54}},"98":{"start":{"line":99,"column":0},"end":{"line":99,"column":51}},"100":{"start":{"line":101,"column":0},"end":{"line":101,"column":35}},"101":{"start":{"line":102,"column":0},"end":{"line":102,"column":44}},"102":{"start":{"line":103,"column":0},"end":{"line":103,"column":79}},"103":{"start":{"line":104,"column":0},"end":{"line":104,"column":5}},"104":{"start":{"line":105,"column":0},"end":{"line":105,"column":40}},"105":{"start":{"line":106,"column":0},"end":{"line":106,"column":76}},"106":{"start":{"line":107,"column":0},"end":{"line":107,"column":5}},"107":{"start":{"line":108,"column":0},"end":{"line":108,"column":60}},"108":{"start":{"line":109,"column":0},"end":{"line":109,"column":87}},"109":{"start":{"line":110,"column":0},"end":{"line":110,"column":5}},"110":{"start":{"line":111,"column":0},"end":{"line":111,"column":62}},"111":{"start":{"line":112,"column":0},"end":{"line":112,"column":109}},"112":{"start":{"line":113,"column":0},"end":{"line":113,"column":5}},"113":{"start":{"line":114,"column":0},"end":{"line":114,"column":62}},"114":{"start":{"line":115,"column":0},"end":{"line":115,"column":98}},"115":{"start":{"line":116,"column":0},"end":{"line":116,"column":5}},"117":{"start":{"line":118,"column":0},"end":{"line":118,"column":46}},"118":{"start":{"line":119,"column":0},"end":{"line":119,"column":53}},"119":{"start":{"line":120,"column":0},"end":{"line":120,"column":79}},"121":{"start":{"line":122,"column":0},"end":{"line":122,"column":29}},"122":{"start":{"line":123,"column":0},"end":{"line":123,"column":41}},"123":{"start":{"line":124,"column":0},"end":{"line":124,"column":39}},"125":{"start":{"line":126,"column":0},"end":{"line":126,"column":67}},"126":{"start":{"line":127,"column":0},"end":{"line":127,"column":35}},"127":{"start":{"line":128,"column":0},"end":{"line":128,"column":63}},"128":{"start":{"line":129,"column":0},"end":{"line":129,"column":101}},"129":{"start":{"line":130,"column":0},"end":{"line":130,"column":106}},"130":{"start":{"line":131,"column":0},"end":{"line":131,"column":59}},"132":{"start":{"line":133,"column":0},"end":{"line":133,"column":18}},"133":{"start":{"line":134,"column":0},"end":{"line":134,"column":49}},"134":{"start":{"line":135,"column":0},"end":{"line":135,"column":26}},"135":{"start":{"line":136,"column":0},"end":{"line":136,"column":23}},"137":{"start":{"line":138,"column":0},"end":{"line":138,"column":30}},"138":{"start":{"line":139,"column":0},"end":{"line":139,"column":14}},"139":{"start":{"line":140,"column":0},"end":{"line":140,"column":13}},"140":{"start":{"line":141,"column":0},"end":{"line":141,"column":31}},"141":{"start":{"line":142,"column":0},"end":{"line":142,"column":33}},"142":{"start":{"line":143,"column":0},"end":{"line":143,"column":81}},"143":{"start":{"line":144,"column":0},"end":{"line":144,"column":14}},"144":{"start":{"line":145,"column":0},"end":{"line":145,"column":7}},"145":{"start":{"line":146,"column":0},"end":{"line":146,"column":17}},"146":{"start":{"line":147,"column":0},"end":{"line":147,"column":69}},"147":{"start":{"line":148,"column":0},"end":{"line":148,"column":32}},"148":{"start":{"line":149,"column":0},"end":{"line":149,"column":97}},"149":{"start":{"line":150,"column":0},"end":{"line":150,"column":5}},"150":{"start":{"line":151,"column":0},"end":{"line":151,"column":88}},"151":{"start":{"line":152,"column":0},"end":{"line":152,"column":13}},"152":{"start":{"line":153,"column":0},"end":{"line":153,"column":58}},"153":{"start":{"line":154,"column":0},"end":{"line":154,"column":3}},"154":{"start":{"line":155,"column":0},"end":{"line":155,"column":1}}},"s":{"0":1,"8":1,"19":1,"20":1,"21":1,"22":1,"23":1,"24":1,"25":1,"26":1,"27":1,"28":1,"29":1,"30":1,"31":1,"32":1,"33":1,"34":1,"35":1,"36":1,"37":1,"38":1,"39":1,"40":1,"41":1,"42":1,"43":1,"44":1,"45":1,"46":1,"47":1,"48":1,"49":1,"50":1,"51":1,"52":1,"53":1,"54":1,"55":1,"56":1,"57":1,"58":1,"59":1,"60":1,"61":1,"62":1,"63":1,"64":1,"65":1,"66":1,"67":1,"68":1,"69":1,"70":1,"71":1,"72":1,"73":1,"75":5,"76":5,"77":5,"78":5,"79":5,"80":5,"81":5,"83":5,"84":5,"85":5,"86":5,"87":5,"88":5,"89":5,"90":5,"91":5,"92":5,"94":10,"95":10,"96":10,"97":10,"98":10,"100":10,"101":10,"102":1,"103":1,"104":10,"105":1,"106":1,"107":10,"108":0,"109":0,"110":10,"111":1,"112":1,"113":10,"114":2,"115":2,"117":5,"118":5,"119":5,"121":5,"122":5,"123":5,"125":5,"126":5,"127":5,"128":5,"129":10,"130":10,"132":10,"133":10,"134":1,"135":1,"137":10,"138":10,"139":10,"140":10,"141":10,"142":10,"143":10,"144":10,"145":10,"146":0,"147":0,"148":0,"149":0,"150":0,"151":10,"152":10,"153":10,"154":10},"branchMap":{"0":{"type":"branch","line":76,"loc":{"start":{"line":76,"column":0},"end":{"line":82,"column":1}},"locations":[{"start":{"line":76,"column":0},"end":{"line":82,"column":1}}]},"1":{"type":"branch","line":84,"loc":{"start":{"line":84,"column":0},"end":{"line":93,"column":1}},"locations":[{"start":{"line":84,"column":0},"end":{"line":93,"column":1}}]},"2":{"type":"branch","line":85,"loc":{"start":{"line":85,"column":21},"end":{"line":92,"column":3}},"locations":[{"start":{"line":85,"column":21},"end":{"line":92,"column":3}}]},"3":{"type":"branch","line":87,"loc":{"start":{"line":87,"column":60},"end":{"line":91,"column":5}},"locations":[{"start":{"line":87,"column":60},"end":{"line":91,"column":5}}]},"4":{"type":"branch","line":89,"loc":{"start":{"line":89,"column":10},"end":{"line":89,"column":26}},"locations":[{"start":{"line":89,"column":10},"end":{"line":89,"column":26}}]},"5":{"type":"branch","line":89,"loc":{"start":{"line":89,"column":26},"end":{"line":89,"column":79}},"locations":[{"start":{"line":89,"column":26},"end":{"line":89,"column":79}}]},"6":{"type":"branch","line":95,"loc":{"start":{"line":95,"column":0},"end":{"line":155,"column":1}},"locations":[{"start":{"line":95,"column":0},"end":{"line":155,"column":1}}]},"7":{"type":"branch","line":102,"loc":{"start":{"line":102,"column":9},"end":{"line":102,"column":43}},"locations":[{"start":{"line":102,"column":9},"end":{"line":102,"column":43}}]},"8":{"type":"branch","line":102,"loc":{"start":{"line":102,"column":43},"end":{"line":104,"column":5}},"locations":[{"start":{"line":102,"column":43},"end":{"line":104,"column":5}}]},"9":{"type":"branch","line":104,"loc":{"start":{"line":104,"column":4},"end":{"line":105,"column":39}},"locations":[{"start":{"line":104,"column":4},"end":{"line":105,"column":39}}]},"10":{"type":"branch","line":105,"loc":{"start":{"line":105,"column":39},"end":{"line":107,"column":5}},"locations":[{"start":{"line":105,"column":39},"end":{"line":107,"column":5}}]},"11":{"type":"branch","line":107,"loc":{"start":{"line":107,"column":4},"end":{"line":108,"column":59}},"locations":[{"start":{"line":107,"column":4},"end":{"line":108,"column":59}}]},"12":{"type":"branch","line":108,"loc":{"start":{"line":108,"column":59},"end":{"line":110,"column":5}},"locations":[{"start":{"line":108,"column":59},"end":{"line":110,"column":5}}]},"13":{"type":"branch","line":110,"loc":{"start":{"line":110,"column":4},"end":{"line":111,"column":61}},"locations":[{"start":{"line":110,"column":4},"end":{"line":111,"column":61}}]},"14":{"type":"branch","line":111,"loc":{"start":{"line":111,"column":61},"end":{"line":113,"column":5}},"locations":[{"start":{"line":111,"column":61},"end":{"line":113,"column":5}}]},"15":{"type":"branch","line":113,"loc":{"start":{"line":113,"column":4},"end":{"line":114,"column":37}},"locations":[{"start":{"line":113,"column":4},"end":{"line":114,"column":37}}]},"16":{"type":"branch","line":114,"loc":{"start":{"line":114,"column":32},"end":{"line":114,"column":61}},"locations":[{"start":{"line":114,"column":32},"end":{"line":114,"column":61}}]},"17":{"type":"branch","line":114,"loc":{"start":{"line":114,"column":61},"end":{"line":116,"column":5}},"locations":[{"start":{"line":114,"column":61},"end":{"line":116,"column":5}}]},"18":{"type":"branch","line":116,"loc":{"start":{"line":116,"column":4},"end":{"line":130,"column":101}},"locations":[{"start":{"line":116,"column":4},"end":{"line":130,"column":101}}]},"19":{"type":"branch","line":130,"loc":{"start":{"line":130,"column":92},"end":{"line":130,"column":106}},"locations":[{"start":{"line":130,"column":92},"end":{"line":130,"column":106}}]},"20":{"type":"branch","line":134,"loc":{"start":{"line":134,"column":30},"end":{"line":134,"column":49}},"locations":[{"start":{"line":134,"column":30},"end":{"line":134,"column":49}}]},"21":{"type":"branch","line":134,"loc":{"start":{"line":134,"column":39},"end":{"line":136,"column":23}},"locations":[{"start":{"line":134,"column":39},"end":{"line":136,"column":23}}]},"22":{"type":"branch","line":135,"loc":{"start":{"line":135,"column":8},"end":{"line":135,"column":26}},"locations":[{"start":{"line":135,"column":8},"end":{"line":135,"column":26}}]},"23":{"type":"branch","line":143,"loc":{"start":{"line":143,"column":32},"end":{"line":143,"column":76}},"locations":[{"start":{"line":143,"column":32},"end":{"line":143,"column":76}}]},"24":{"type":"branch","line":143,"loc":{"start":{"line":143,"column":70},"end":{"line":143,"column":81}},"locations":[{"start":{"line":143,"column":70},"end":{"line":143,"column":81}}]},"25":{"type":"branch","line":146,"loc":{"start":{"line":146,"column":2},"end":{"line":152,"column":4}},"locations":[{"start":{"line":146,"column":2},"end":{"line":152,"column":4}}]},"26":{"type":"branch","line":153,"loc":{"start":{"line":153,"column":17},"end":{"line":153,"column":58}},"locations":[{"start":{"line":153,"column":17},"end":{"line":153,"column":58}}]},"27":{"type":"branch","line":153,"loc":{"start":{"line":153,"column":46},"end":{"line":153,"column":57}},"locations":[{"start":{"line":153,"column":46},"end":{"line":153,"column":57}}]},"28":{"type":"branch","line":128,"loc":{"start":{"line":128,"column":39},"end":{"line":128,"column":54}},"locations":[{"start":{"line":128,"column":39},"end":{"line":128,"column":54}}]},"29":{"type":"branch","line":129,"loc":{"start":{"line":129,"column":36},"end":{"line":129,"column":64}},"locations":[{"start":{"line":129,"column":36},"end":{"line":129,"column":64}}]},"30":{"type":"branch","line":129,"loc":{"start":{"line":129,"column":70},"end":{"line":129,"column":99}},"locations":[{"start":{"line":129,"column":70},"end":{"line":129,"column":99}}]},"31":{"type":"branch","line":130,"loc":{"start":{"line":130,"column":61},"end":{"line":130,"column":78}},"locations":[{"start":{"line":130,"column":61},"end":{"line":130,"column":78}}]},"32":{"type":"branch","line":131,"loc":{"start":{"line":131,"column":34},"end":{"line":131,"column":57}},"locations":[{"start":{"line":131,"column":34},"end":{"line":131,"column":57}}]}},"b":{"0":[5],"1":[5],"2":[5],"3":[5],"4":[0],"5":[0],"6":[10],"7":[9],"8":[1],"9":[9],"10":[1],"11":[8],"12":[0],"13":[8],"14":[1],"15":[7],"16":[6],"17":[2],"18":[5],"19":[0],"20":[4],"21":[1],"22":[0],"23":[5],"24":[0],"25":[0],"26":[5],"27":[0],"28":[15],"29":[15],"30":[15],"31":[15],"32":[15]},"fnMap":{"0":{"name":"buildScript","decl":{"start":{"line":76,"column":0},"end":{"line":82,"column":1}},"loc":{"start":{"line":76,"column":0},"end":{"line":82,"column":1}},"line":76},"1":{"name":"runScript","decl":{"start":{"line":84,"column":0},"end":{"line":93,"column":1}},"loc":{"start":{"line":84,"column":0},"end":{"line":93,"column":1}},"line":84},"2":{"name":"POST","decl":{"start":{"line":95,"column":0},"end":{"line":155,"column":1}},"loc":{"start":{"line":95,"column":0},"end":{"line":155,"column":1}},"line":95}},"f":{"0":5,"1":5,"2":10}}
,"C:\\papper2code\\src\\app\\api\\labs\\route.ts": {"path":"C:\\papper2code\\src\\app\\api\\labs\\route.ts","all":true,"statementMap":{"0":{"start":{"line":1,"column":0},"end":{"line":1,"column":43}},"2":{"start":{"line":3,"column":0},"end":{"line":3,"column":19}},"3":{"start":{"line":4,"column":0},"end":{"line":4,"column":3}},"4":{"start":{"line":5,"column":0},"end":{"line":5,"column":22}},"5":{"start":{"line":6,"column":0},"end":{"line":6,"column":28}},"6":{"start":{"line":7,"column":0},"end":{"line":7,"column":88}},"7":{"start":{"line":8,"column":0},"end":{"line":8,"column":14}},"8":{"start":{"line":9,"column":0},"end":{"line":9,"column":13}},"9":{"start":{"line":10,"column":0},"end":{"line":10,"column":102}},"10":{"start":{"line":11,"column":0},"end":{"line":11,"column":102}},"11":{"start":{"line":12,"column":0},"end":{"line":12,"column":102}},"12":{"start":{"line":13,"column":0},"end":{"line":13,"column":102}},"13":{"start":{"line":14,"column":0},"end":{"line":14,"column":102}},"14":{"start":{"line":15,"column":0},"end":{"line":15,"column":6}},"15":{"start":{"line":16,"column":0},"end":{"line":16,"column":38}},"16":{"start":{"line":17,"column":0},"end":{"line":17,"column":4}},"17":{"start":{"line":18,"column":0},"end":{"line":18,"column":3}},"18":{"start":{"line":19,"column":0},"end":{"line":19,"column":14}},"19":{"start":{"line":20,"column":0},"end":{"line":20,"column":20}},"20":{"start":{"line":21,"column":0},"end":{"line":21,"column":94}},"21":{"start":{"line":22,"column":0},"end":{"line":22,"column":15}},"22":{"start":{"line":23,"column":0},"end":{"line":23,"column":13}},"23":{"start":{"line":24,"column":0},"end":{"line":24,"column":106}},"24":{"start":{"line":25,"column":0},"end":{"line":25,"column":106}},"25":{"start":{"line":26,"column":0},"end":{"line":26,"column":106}},"26":{"start":{"line":27,"column":0},"end":{"line":27,"column":106}},"27":{"start":{"line":28,"column":0},"end":{"line":28,"column":6}},"28":{"start":{"line":29,"column":0},"end":{"line":29,"column":30}},"29":{"start":{"line":30,"column":0},"end":{"line":30,"column":4}},"30":{"start":{"line":31,"column":0},"end":{"line":31,"column":3}},"31":{"start":{"line":32,"column":0},"end":{"line":32,"column":14}},"32":{"start":{"line":33,"column":0},"end":{"line":33,"column":20}},"33":{"start":{"line":34,"column":0},"end":{"line":34,"column":97}},"34":{"start":{"line":35,"column":0},"end":{"line":35,"column":16}},"35":{"start":{"line":36,"column":0},"end":{"line":36,"column":13}},"36":{"start":{"line":37,"column":0},"end":{"line":37,"column":96}},"37":{"start":{"line":38,"column":0},"end":{"line":38,"column":96}},"38":{"start":{"line":39,"column":0},"end":{"line":39,"column":96}},"39":{"start":{"line":40,"column":0},"end":{"line":40,"column":96}},"40":{"start":{"line":41,"column":0},"end":{"line":41,"column":6}},"41":{"start":{"line":42,"column":0},"end":{"line":42,"column":30}},"42":{"start":{"line":43,"column":0},"end":{"line":43,"column":4}},"43":{"start":{"line":44,"column":0},"end":{"line":44,"column":3}},"44":{"start":{"line":45,"column":0},"end":{"line":45,"column":20}},"45":{"start":{"line":46,"column":0},"end":{"line":46,"column":26}},"46":{"start":{"line":47,"column":0},"end":{"line":47,"column":82}},"47":{"start":{"line":48,"column":0},"end":{"line":48,"column":15}},"48":{"start":{"line":49,"column":0},"end":{"line":49,"column":13}},"49":{"start":{"line":50,"column":0},"end":{"line":50,"column":109}},"50":{"start":{"line":51,"column":0},"end":{"line":51,"column":109}},"51":{"start":{"line":52,"column":0},"end":{"line":52,"column":110}},"52":{"start":{"line":53,"column":0},"end":{"line":53,"column":6}},"53":{"start":{"line":54,"column":0},"end":{"line":54,"column":36}},"54":{"start":{"line":55,"column":0},"end":{"line":55,"column":4}},"55":{"start":{"line":56,"column":0},"end":{"line":56,"column":2}},"57":{"start":{"line":58,"column":0},"end":{"line":58,"column":23}},"58":{"start":{"line":59,"column":0},"end":{"line":59,"column":48}},"59":{"start":{"line":60,"column":0},"end":{"line":60,"column":1}}},"s":{"0":0,"2":0,"3":0,"4":0,"5":0,"6":0,"7":0,"8":0,"9":0,"10":0,"11":0,"12":0,"13":0,"14":0,"15":0,"16":0,"17":0,"18":0,"19":0,"20":0,"21":0,"22":0,"23":0,"24":0,"25":0,"26":0,"27":0,"28":0,"29":0,"30":0,"31":0,"32":0,"33":0,"34":0,"35":0,"36":0,"37":0,"38":0,"39":0,"40":0,"41":0,"42":0,"43":0,"44":0,"45":0,"46":0,"47":0,"48":0,"49":0,"50":0,"51":0,"52":0,"53":0,"54":0,"55":0,"57":0,"58":0,"59":0},"branchMap":{"0":{"type":"branch","line":1,"loc":{"start":{"line":1,"column":2664},"end":{"line":60,"column":1}},"locations":[{"start":{"line":1,"column":2664},"end":{"line":60,"column":1}}]}},"b":{"0":[0]},"fnMap":{"0":{"name":"(empty-report)","decl":{"start":{"line":1,"column":2664},"end":{"line":60,"column":1}},"loc":{"start":{"line":1,"column":2664},"end":{"line":60,"column":1}},"line":1}},"f":{"0":0}}
,"C:\\papper2code\\src\\app\\api\\labs\\cnn\\route.ts": {"path":"C:\\papper2code\\src\\app\\api\\labs\\cnn\\route.ts","all":false,"statementMap":{"0":{"start":{"line":1,"column":0},"end":{"line":1,"column":56}},"4":{"start":{"line":5,"column":0},"end":{"line":5,"column":26}},"5":{"start":{"line":6,"column":0},"end":{"line":6,"column":41}},"7":{"start":{"line":8,"column":0},"end":{"line":8,"column":64}},"8":{"start":{"line":9,"column":0},"end":{"line":9,"column":32}},"10":{"start":{"line":11,"column":0},"end":{"line":11,"column":78}},"11":{"start":{"line":12,"column":0},"end":{"line":12,"column":50}},"12":{"start":{"line":13,"column":0},"end":{"line":13,"column":38}},"13":{"start":{"line":14,"column":0},"end":{"line":14,"column":53}},"14":{"start":{"line":15,"column":0},"end":{"line":15,"column":1}},"16":{"start":{"line":17,"column":0},"end":{"line":17,"column":54}},"17":{"start":{"line":18,"column":0},"end":{"line":18,"column":84}},"18":{"start":{"line":19,"column":0},"end":{"line":19,"column":1}},"20":{"start":{"line":21,"column":0},"end":{"line":21,"column":64}},"21":{"start":{"line":22,"column":0},"end":{"line":22,"column":43}},"22":{"start":{"line":23,"column":0},"end":{"line":23,"column":83}},"23":{"start":{"line":24,"column":0},"end":{"line":24,"column":77}},"24":{"start":{"line":25,"column":0},"end":{"line":25,"column":24}},"25":{"start":{"line":26,"column":0},"end":{"line":26,"column":33}},"26":{"start":{"line":27,"column":0},"end":{"line":27,"column":52}},"27":{"start":{"line":28,"column":0},"end":{"line":28,"column":44}},"28":{"start":{"line":29,"column":0},"end":{"line":29,"column":50}},"29":{"start":{"line":30,"column":0},"end":{"line":30,"column":55}},"30":{"start":{"line":31,"column":0},"end":{"line":31,"column":77}},"31":{"start":{"line":32,"column":0},"end":{"line":32,"column":26}},"32":{"start":{"line":33,"column":0},"end":{"line":33,"column":79}},"33":{"start":{"line":34,"column":0},"end":{"line":34,"column":29}},"34":{"start":{"line":35,"column":0},"end":{"line":35,"column":7}},"35":{"start":{"line":36,"column":0},"end":{"line":36,"column":5}},"36":{"start":{"line":37,"column":0},"end":{"line":37,"column":1}},"38":{"start":{"line":39,"column":0},"end":{"line":39,"column":46}},"39":{"start":{"line":40,"column":0},"end":{"line":40,"column":40}},"40":{"start":{"line":41,"column":0},"end":{"line":41,"column":62}},"42":{"start":{"line":43,"column":0},"end":{"line":43,"column":13}},"43":{"start":{"line":44,"column":0},"end":{"line":44,"column":67}},"44":{"start":{"line":45,"column":0},"end":{"line":45,"column":66}},"45":{"start":{"line":46,"column":0},"end":{"line":46,"column":66}},"46":{"start":{"line":47,"column":0},"end":{"line":47,"column":68}},"47":{"start":{"line":48,"column":0},"end":{"line":48,"column":4}},"49":{"start":{"line":50,"column":0},"end":{"line":50,"column":26}},"50":{"start":{"line":51,"column":0},"end":{"line":51,"column":33}},"51":{"start":{"line":52,"column":0},"end":{"line":52,"column":53}},"52":{"start":{"line":53,"column":0},"end":{"line":53,"column":77}},"53":{"start":{"line":54,"column":0},"end":{"line":54,"column":3}},"55":{"start":{"line":56,"column":0},"end":{"line":56,"column":7}},"56":{"start":{"line":57,"column":0},"end":{"line":57,"column":38}},"57":{"start":{"line":58,"column":0},"end":{"line":58,"column":38}},"58":{"start":{"line":59,"column":0},"end":{"line":59,"column":46}},"59":{"start":{"line":60,"column":0},"end":{"line":60,"column":101}},"60":{"start":{"line":61,"column":0},"end":{"line":61,"column":5}},"61":{"start":{"line":62,"column":0},"end":{"line":62,"column":85}},"62":{"start":{"line":63,"column":0},"end":{"line":63,"column":46}},"63":{"start":{"line":64,"column":0},"end":{"line":64,"column":71}},"64":{"start":{"line":65,"column":0},"end":{"line":65,"column":17}},"65":{"start":{"line":66,"column":0},"end":{"line":66,"column":69}},"66":{"start":{"line":67,"column":0},"end":{"line":67,"column":101}},"67":{"start":{"line":68,"column":0},"end":{"line":68,"column":78}},"68":{"start":{"line":69,"column":0},"end":{"line":69,"column":3}},"69":{"start":{"line":70,"column":0},"end":{"line":70,"column":1}}},"s":{"0":1,"4":1,"5":1,"7":1,"8":1,"10":20,"11":20,"12":20,"13":20,"14":20,"16":5,"17":5,"18":5,"20":5,"21":5,"22":5,"23":5,"24":5,"25":5,"26":5,"27":5,"28":5,"29":5,"30":5,"31":5,"32":5,"33":3,"34":5,"35":5,"36":5,"38":5,"39":5,"40":5,"42":5,"43":5,"44":5,"45":5,"46":5,"47":5,"49":5,"50":5,"51":5,"52":0,"53":0,"55":5,"56":5,"57":3,"58":5,"59":0,"60":0,"61":5,"62":3,"63":3,"64":5,"65":2,"66":2,"67":1,"68":1,"69":5},"branchMap":{"0":{"type":"branch","line":11,"loc":{"start":{"line":11,"column":0},"end":{"line":15,"column":1}},"locations":[{"start":{"line":11,"column":0},"end":{"line":15,"column":1}}]},"1":{"type":"branch","line":12,"loc":{"start":{"line":12,"column":36},"end":{"line":12,"column":50}},"locations":[{"start":{"line":12,"column":36},"end":{"line":12,"column":50}}]},"2":{"type":"branch","line":13,"loc":{"start":{"line":13,"column":27},"end":{"line":13,"column":38}},"locations":[{"start":{"line":13,"column":27},"end":{"line":13,"column":38}}]},"3":{"type":"branch","line":17,"loc":{"start":{"line":17,"column":0},"end":{"line":19,"column":1}},"locations":[{"start":{"line":17,"column":0},"end":{"line":19,"column":1}}]},"4":{"type":"branch","line":21,"loc":{"start":{"line":21,"column":0},"end":{"line":37,"column":1}},"locations":[{"start":{"line":21,"column":0},"end":{"line":37,"column":1}}]},"5":{"type":"branch","line":22,"loc":{"start":{"line":22,"column":21},"end":{"line":36,"column":3}},"locations":[{"start":{"line":22,"column":21},"end":{"line":36,"column":3}}]},"6":{"type":"branch","line":31,"loc":{"start":{"line":31,"column":51},"end":{"line":35,"column":5}},"locations":[{"start":{"line":31,"column":51},"end":{"line":35,"column":5}}]},"7":{"type":"branch","line":33,"loc":{"start":{"line":33,"column":10},"end":{"line":33,"column":26}},"locations":[{"start":{"line":33,"column":10},"end":{"line":33,"column":26}}]},"8":{"type":"branch","line":33,"loc":{"start":{"line":33,"column":26},"end":{"line":33,"column":79}},"locations":[{"start":{"line":33,"column":26},"end":{"line":33,"column":79}}]},"9":{"type":"branch","line":33,"loc":{"start":{"line":33,"column":45},"end":{"line":33,"column":66}},"locations":[{"start":{"line":33,"column":45},"end":{"line":33,"column":66}}]},"10":{"type":"branch","line":33,"loc":{"start":{"line":33,"column":78},"end":{"line":34,"column":29}},"locations":[{"start":{"line":33,"column":78},"end":{"line":34,"column":29}}]},"11":{"type":"branch","line":39,"loc":{"start":{"line":39,"column":0},"end":{"line":70,"column":1}},"locations":[{"start":{"line":39,"column":0},"end":{"line":70,"column":1}}]},"12":{"type":"branch","line":41,"loc":{"start":{"line":41,"column":32},"end":{"line":41,"column":62}},"locations":[{"start":{"line":41,"column":32},"end":{"line":41,"column":62}}]},"13":{"type":"branch","line":52,"loc":{"start":{"line":52,"column":6},"end":{"line":52,"column":52}},"locations":[{"start":{"line":52,"column":6},"end":{"line":52,"column":52}}]},"14":{"type":"branch","line":52,"loc":{"start":{"line":52,"column":52},"end":{"line":54,"column":3}},"locations":[{"start":{"line":52,"column":52},"end":{"line":54,"column":3}}]},"15":{"type":"branch","line":57,"loc":{"start":{"line":57,"column":36},"end":{"line":59,"column":45}},"locations":[{"start":{"line":57,"column":36},"end":{"line":59,"column":45}}]},"16":{"type":"branch","line":59,"loc":{"start":{"line":59,"column":37},"end":{"line":61,"column":5}},"locations":[{"start":{"line":59,"column":37},"end":{"line":61,"column":5}}]},"17":{"type":"branch","line":61,"loc":{"start":{"line":61,"column":4},"end":{"line":62,"column":27}},"locations":[{"start":{"line":61,"column":4},"end":{"line":62,"column":27}}]},"18":{"type":"branch","line":62,"loc":{"start":{"line":62,"column":20},"end":{"line":62,"column":85}},"locations":[{"start":{"line":62,"column":20},"end":{"line":62,"column":85}}]},"19":{"type":"branch","line":62,"loc":{"start":{"line":62,"column":83},"end":{"line":65,"column":11}},"locations":[{"start":{"line":62,"column":83},"end":{"line":65,"column":11}}]},"20":{"type":"branch","line":65,"loc":{"start":{"line":65,"column":2},"end":{"line":69,"column":3}},"locations":[{"start":{"line":65,"column":2},"end":{"line":69,"column":3}}]},"21":{"type":"branch","line":66,"loc":{"start":{"line":66,"column":47},"end":{"line":66,"column":69}},"locations":[{"start":{"line":66,"column":47},"end":{"line":66,"column":69}}]},"22":{"type":"branch","line":67,"loc":{"start":{"line":67,"column":31},"end":{"line":69,"column":3}},"locations":[{"start":{"line":67,"column":31},"end":{"line":69,"column":3}}]}},"b":{"0":[20],"1":[0],"2":[0],"3":[5],"4":[5],"5":[5],"6":[5],"7":[2],"8":[2],"9":[1],"10":[3],"11":[5],"12":[0],"13":[0],"14":[0],"15":[3],"16":[0],"17":[3],"18":[0],"19":[3],"20":[2],"21":[0],"22":[1]},"fnMap":{"0":{"name":"clampInt","decl":{"start":{"line":11,"column":0},"end":{"line":15,"column":1}},"loc":{"start":{"line":11,"column":0},"end":{"line":15,"column":1}},"line":11},"1":{"name":"cacheKey","decl":{"start":{"line":17,"column":0},"end":{"line":19,"column":1}},"loc":{"start":{"line":17,"column":0},"end":{"line":19,"column":1}},"line":17},"2":{"name":"runPython","decl":{"start":{"line":21,"column":0},"end":{"line":37,"column":1}},"loc":{"start":{"line":21,"column":0},"end":{"line":37,"column":1}},"line":21},"3":{"name":"POST","decl":{"start":{"line":39,"column":0},"end":{"line":70,"column":1}},"loc":{"start":{"line":39,"column":0},"end":{"line":70,"column":1}},"line":39}},"f":{"0":20,"1":5,"2":5,"3":5}}
,"C:\\papper2code\\src\\app\\api\\labs\\diffusion\\route.ts": {"path":"C:\\papper2code\\src\\app\\api\\labs\\diffusion\\route.ts","all":false,"statementMap":{"0":{"start":{"line":1,"column":0},"end":{"line":1,"column":56}},"4":{"start":{"line":5,"column":0},"end":{"line":5,"column":26}},"5":{"start":{"line":6,"column":0},"end":{"line":6,"column":41}},"7":{"start":{"line":8,"column":0},"end":{"line":8,"column":64}},"8":{"start":{"line":9,"column":0},"end":{"line":9,"column":32}},"10":{"start":{"line":11,"column":0},"end":{"line":11,"column":78}},"11":{"start":{"line":12,"column":0},"end":{"line":12,"column":50}},"12":{"start":{"line":13,"column":0},"end":{"line":13,"column":38}},"13":{"start":{"line":14,"column":0},"end":{"line":14,"column":53}},"14":{"start":{"line":15,"column":0},"end":{"line":15,"column":1}},"16":{"start":{"line":17,"column":0},"end":{"line":17,"column":54}},"17":{"start":{"line":18,"column":0},"end":{"line":18,"column":73}},"18":{"start":{"line":19,"column":0},"end":{"line":19,"column":1}},"20":{"start":{"line":21,"column":0},"end":{"line":21,"column":64}},"21":{"start":{"line":22,"column":0},"end":{"line":22,"column":43}},"22":{"start":{"line":23,"column":0},"end":{"line":23,"column":83}},"23":{"start":{"line":24,"column":0},"end":{"line":24,"column":77}},"24":{"start":{"line":25,"column":0},"end":{"line":25,"column":24}},"25":{"start":{"line":26,"column":0},"end":{"line":26,"column":39}},"26":{"start":{"line":27,"column":0},"end":{"line":27,"column":48}},"27":{"start":{"line":28,"column":0},"end":{"line":28,"column":45}},"28":{"start":{"line":29,"column":0},"end":{"line":29,"column":53}},"29":{"start":{"line":30,"column":0},"end":{"line":30,"column":77}},"30":{"start":{"line":31,"column":0},"end":{"line":31,"column":26}},"31":{"start":{"line":32,"column":0},"end":{"line":32,"column":79}},"32":{"start":{"line":33,"column":0},"end":{"line":33,"column":29}},"33":{"start":{"line":34,"column":0},"end":{"line":34,"column":7}},"34":{"start":{"line":35,"column":0},"end":{"line":35,"column":5}},"35":{"start":{"line":36,"column":0},"end":{"line":36,"column":1}},"37":{"start":{"line":38,"column":0},"end":{"line":38,"column":46}},"38":{"start":{"line":39,"column":0},"end":{"line":39,"column":40}},"39":{"start":{"line":40,"column":0},"end":{"line":40,"column":62}},"41":{"start":{"line":42,"column":0},"end":{"line":42,"column":13}},"42":{"start":{"line":43,"column":0},"end":{"line":43,"column":64}},"43":{"start":{"line":44,"column":0},"end":{"line":44,"column":63}},"44":{"start":{"line":45,"column":0},"end":{"line":45,"column":68}},"45":{"start":{"line":46,"column":0},"end":{"line":46,"column":4}},"47":{"start":{"line":48,"column":0},"end":{"line":48,"column":26}},"48":{"start":{"line":49,"column":0},"end":{"line":49,"column":33}},"49":{"start":{"line":50,"column":0},"end":{"line":50,"column":53}},"50":{"start":{"line":51,"column":0},"end":{"line":51,"column":77}},"51":{"start":{"line":52,"column":0},"end":{"line":52,"column":3}},"53":{"start":{"line":54,"column":0},"end":{"line":54,"column":7}},"54":{"start":{"line":55,"column":0},"end":{"line":55,"column":38}},"55":{"start":{"line":56,"column":0},"end":{"line":56,"column":38}},"56":{"start":{"line":57,"column":0},"end":{"line":57,"column":46}},"57":{"start":{"line":58,"column":0},"end":{"line":58,"column":101}},"58":{"start":{"line":59,"column":0},"end":{"line":59,"column":5}},"59":{"start":{"line":60,"column":0},"end":{"line":60,"column":85}},"60":{"start":{"line":61,"column":0},"end":{"line":61,"column":46}},"61":{"start":{"line":62,"column":0},"end":{"line":62,"column":71}},"62":{"start":{"line":63,"column":0},"end":{"line":63,"column":17}},"63":{"start":{"line":64,"column":0},"end":{"line":64,"column":69}},"64":{"start":{"line":65,"column":0},"end":{"line":65,"column":101}},"65":{"start":{"line":66,"column":0},"end":{"line":66,"column":78}},"66":{"start":{"line":67,"column":0},"end":{"line":67,"column":3}},"67":{"start":{"line":68,"column":0},"end":{"line":68,"column":1}}},"s":{"0":1,"4":1,"5":1,"7":1,"8":1,"10":15,"11":15,"12":15,"13":15,"14":15,"16":5,"17":5,"18":5,"20":5,"21":5,"22":5,"23":5,"24":5,"25":5,"26":5,"27":5,"28":5,"29":5,"30":5,"31":5,"32":4,"33":5,"34":5,"35":5,"37":5,"38":5,"39":5,"41":5,"42":5,"43":5,"44":5,"45":5,"47":5,"48":5,"49":5,"50":0,"51":0,"53":5,"54":5,"55":4,"56":5,"57":0,"58":0,"59":5,"60":4,"61":4,"62":5,"63":1,"64":1,"65":1,"66":1,"67":5},"branchMap":{"0":{"type":"branch","line":11,"loc":{"start":{"line":11,"column":0},"end":{"line":15,"column":1}},"locations":[{"start":{"line":11,"column":0},"end":{"line":15,"column":1}}]},"1":{"type":"branch","line":12,"loc":{"start":{"line":12,"column":36},"end":{"line":12,"column":50}},"locations":[{"start":{"line":12,"column":36},"end":{"line":12,"column":50}}]},"2":{"type":"branch","line":13,"loc":{"start":{"line":13,"column":27},"end":{"line":13,"column":38}},"locations":[{"start":{"line":13,"column":27},"end":{"line":13,"column":38}}]},"3":{"type":"branch","line":17,"loc":{"start":{"line":17,"column":0},"end":{"line":19,"column":1}},"locations":[{"start":{"line":17,"column":0},"end":{"line":19,"column":1}}]},"4":{"type":"branch","line":21,"loc":{"start":{"line":21,"column":0},"end":{"line":36,"column":1}},"locations":[{"start":{"line":21,"column":0},"end":{"line":36,"column":1}}]},"5":{"type":"branch","line":22,"loc":{"start":{"line":22,"column":21},"end":{"line":35,"column":3}},"locations":[{"start":{"line":22,"column":21},"end":{"line":35,"column":3}}]},"6":{"type":"branch","line":30,"loc":{"start":{"line":30,"column":51},"end":{"line":34,"column":5}},"locations":[{"start":{"line":30,"column":51},"end":{"line":34,"column":5}}]},"7":{"type":"branch","line":32,"loc":{"start":{"line":32,"column":10},"end":{"line":32,"column":26}},"locations":[{"start":{"line":32,"column":10},"end":{"line":32,"column":26}}]},"8":{"type":"branch","line":32,"loc":{"start":{"line":32,"column":26},"end":{"line":32,"column":79}},"locations":[{"start":{"line":32,"column":26},"end":{"line":32,"column":79}}]},"9":{"type":"branch","line":32,"loc":{"start":{"line":32,"column":45},"end":{"line":32,"column":66}},"locations":[{"start":{"line":32,"column":45},"end":{"line":32,"column":66}}]},"10":{"type":"branch","line":32,"loc":{"start":{"line":32,"column":78},"end":{"line":33,"column":29}},"locations":[{"start":{"line":32,"column":78},"end":{"line":33,"column":29}}]},"11":{"type":"branch","line":38,"loc":{"start":{"line":38,"column":0},"end":{"line":68,"column":1}},"locations":[{"start":{"line":38,"column":0},"end":{"line":68,"column":1}}]},"12":{"type":"branch","line":40,"loc":{"start":{"line":40,"column":32},"end":{"line":40,"column":62}},"locations":[{"start":{"line":40,"column":32},"end":{"line":40,"column":62}}]},"13":{"type":"branch","line":50,"loc":{"start":{"line":50,"column":6},"end":{"line":50,"column":52}},"locations":[{"start":{"line":50,"column":6},"end":{"line":50,"column":52}}]},"14":{"type":"branch","line":50,"loc":{"start":{"line":50,"column":52},"end":{"line":52,"column":3}},"locations":[{"start":{"line":50,"column":52},"end":{"line":52,"column":3}}]},"15":{"type":"branch","line":55,"loc":{"start":{"line":55,"column":36},"end":{"line":57,"column":45}},"locations":[{"start":{"line":55,"column":36},"end":{"line":57,"column":45}}]},"16":{"type":"branch","line":57,"loc":{"start":{"line":57,"column":37},"end":{"line":59,"column":5}},"locations":[{"start":{"line":57,"column":37},"end":{"line":59,"column":5}}]},"17":{"type":"branch","line":59,"loc":{"start":{"line":59,"column":4},"end":{"line":60,"column":27}},"locations":[{"start":{"line":59,"column":4},"end":{"line":60,"column":27}}]},"18":{"type":"branch","line":60,"loc":{"start":{"line":60,"column":20},"end":{"line":60,"column":85}},"locations":[{"start":{"line":60,"column":20},"end":{"line":60,"column":85}}]},"19":{"type":"branch","line":60,"loc":{"start":{"line":60,"column":83},"end":{"line":63,"column":11}},"locations":[{"start":{"line":60,"column":83},"end":{"line":63,"column":11}}]},"20":{"type":"branch","line":63,"loc":{"start":{"line":63,"column":2},"end":{"line":67,"column":3}},"locations":[{"start":{"line":63,"column":2},"end":{"line":67,"column":3}}]},"21":{"type":"branch","line":64,"loc":{"start":{"line":64,"column":47},"end":{"line":64,"column":69}},"locations":[{"start":{"line":64,"column":47},"end":{"line":64,"column":69}}]},"22":{"type":"branch","line":65,"loc":{"start":{"line":65,"column":31},"end":{"line":65,"column":101}},"locations":[{"start":{"line":65,"column":31},"end":{"line":65,"column":101}}]}},"b":{"0":[15],"1":[0],"2":[0],"3":[5],"4":[5],"5":[5],"6":[5],"7":[1],"8":[1],"9":[0],"10":[4],"11":[5],"12":[0],"13":[0],"14":[0],"15":[4],"16":[0],"17":[4],"18":[0],"19":[4],"20":[1],"21":[0],"22":[0]},"fnMap":{"0":{"name":"clampInt","decl":{"start":{"line":11,"column":0},"end":{"line":15,"column":1}},"loc":{"start":{"line":11,"column":0},"end":{"line":15,"column":1}},"line":11},"1":{"name":"cacheKey","decl":{"start":{"line":17,"column":0},"end":{"line":19,"column":1}},"loc":{"start":{"line":17,"column":0},"end":{"line":19,"column":1}},"line":17},"2":{"name":"runPython","decl":{"start":{"line":21,"column":0},"end":{"line":36,"column":1}},"loc":{"start":{"line":21,"column":0},"end":{"line":36,"column":1}},"line":21},"3":{"name":"POST","decl":{"start":{"line":38,"column":0},"end":{"line":68,"column":1}},"loc":{"start":{"line":38,"column":0},"end":{"line":68,"column":1}},"line":38}},"f":{"0":15,"1":5,"2":5,"3":5}}
,"C:\\papper2code\\src\\app\\api\\labs\\transformer\\route.ts": {"path":"C:\\papper2code\\src\\app\\api\\labs\\transformer\\route.ts","all":false,"statementMap":{"0":{"start":{"line":1,"column":0},"end":{"line":1,"column":56}},"4":{"start":{"line":5,"column":0},"end":{"line":5,"column":26}},"5":{"start":{"line":6,"column":0},"end":{"line":6,"column":41}},"7":{"start":{"line":8,"column":0},"end":{"line":8,"column":64}},"8":{"start":{"line":9,"column":0},"end":{"line":9,"column":32}},"11":{"start":{"line":12,"column":0},"end":{"line":12,"column":78}},"12":{"start":{"line":13,"column":0},"end":{"line":13,"column":50}},"13":{"start":{"line":14,"column":0},"end":{"line":14,"column":38}},"14":{"start":{"line":15,"column":0},"end":{"line":15,"column":53}},"15":{"start":{"line":16,"column":0},"end":{"line":16,"column":1}},"17":{"start":{"line":18,"column":0},"end":{"line":18,"column":54}},"18":{"start":{"line":19,"column":0},"end":{"line":19,"column":96}},"19":{"start":{"line":20,"column":0},"end":{"line":20,"column":1}},"21":{"start":{"line":22,"column":0},"end":{"line":22,"column":64}},"22":{"start":{"line":23,"column":0},"end":{"line":23,"column":43}},"23":{"start":{"line":24,"column":0},"end":{"line":24,"column":83}},"24":{"start":{"line":25,"column":0},"end":{"line":25,"column":77}},"25":{"start":{"line":26,"column":0},"end":{"line":26,"column":24}},"26":{"start":{"line":27,"column":0},"end":{"line":27,"column":41}},"27":{"start":{"line":28,"column":0},"end":{"line":28,"column":40}},"28":{"start":{"line":29,"column":0},"end":{"line":29,"column":42}},"29":{"start":{"line":30,"column":0},"end":{"line":30,"column":43}},"30":{"start":{"line":31,"column":0},"end":{"line":31,"column":40}},"31":{"start":{"line":32,"column":0},"end":{"line":32,"column":43}},"32":{"start":{"line":33,"column":0},"end":{"line":33,"column":77}},"33":{"start":{"line":34,"column":0},"end":{"line":34,"column":26}},"34":{"start":{"line":35,"column":0},"end":{"line":35,"column":79}},"35":{"start":{"line":36,"column":0},"end":{"line":36,"column":29}},"36":{"start":{"line":37,"column":0},"end":{"line":37,"column":7}},"37":{"start":{"line":38,"column":0},"end":{"line":38,"column":5}},"38":{"start":{"line":39,"column":0},"end":{"line":39,"column":1}},"40":{"start":{"line":41,"column":0},"end":{"line":41,"column":46}},"41":{"start":{"line":42,"column":0},"end":{"line":42,"column":40}},"42":{"start":{"line":43,"column":0},"end":{"line":43,"column":62}},"44":{"start":{"line":45,"column":0},"end":{"line":45,"column":13}},"45":{"start":{"line":46,"column":0},"end":{"line":46,"column":60}},"46":{"start":{"line":47,"column":0},"end":{"line":47,"column":58}},"47":{"start":{"line":48,"column":0},"end":{"line":48,"column":58}},"48":{"start":{"line":49,"column":0},"end":{"line":49,"column":60}},"49":{"start":{"line":50,"column":0},"end":{"line":50,"column":62}},"50":{"start":{"line":51,"column":0},"end":{"line":51,"column":4}},"52":{"start":{"line":53,"column":0},"end":{"line":53,"column":26}},"53":{"start":{"line":54,"column":0},"end":{"line":54,"column":33}},"54":{"start":{"line":55,"column":0},"end":{"line":55,"column":53}},"55":{"start":{"line":56,"column":0},"end":{"line":56,"column":77}},"56":{"start":{"line":57,"column":0},"end":{"line":57,"column":3}},"58":{"start":{"line":59,"column":0},"end":{"line":59,"column":7}},"59":{"start":{"line":60,"column":0},"end":{"line":60,"column":38}},"60":{"start":{"line":61,"column":0},"end":{"line":61,"column":38}},"61":{"start":{"line":62,"column":0},"end":{"line":62,"column":46}},"62":{"start":{"line":63,"column":0},"end":{"line":63,"column":101}},"63":{"start":{"line":64,"column":0},"end":{"line":64,"column":5}},"64":{"start":{"line":65,"column":0},"end":{"line":65,"column":85}},"65":{"start":{"line":66,"column":0},"end":{"line":66,"column":46}},"66":{"start":{"line":67,"column":0},"end":{"line":67,"column":71}},"67":{"start":{"line":68,"column":0},"end":{"line":68,"column":17}},"68":{"start":{"line":69,"column":0},"end":{"line":69,"column":69}},"69":{"start":{"line":70,"column":0},"end":{"line":70,"column":101}},"70":{"start":{"line":71,"column":0},"end":{"line":71,"column":78}},"71":{"start":{"line":72,"column":0},"end":{"line":72,"column":3}},"72":{"start":{"line":73,"column":0},"end":{"line":73,"column":1}}},"s":{"0":1,"4":1,"5":1,"7":1,"8":1,"11":45,"12":45,"13":45,"14":35,"15":35,"17":9,"18":9,"19":9,"21":8,"22":8,"23":8,"24":8,"25":8,"26":8,"27":8,"28":8,"29":8,"30":8,"31":8,"32":8,"33":8,"34":8,"35":7,"36":8,"37":8,"38":8,"40":9,"41":9,"42":9,"44":9,"45":9,"46":9,"47":9,"48":9,"49":9,"50":9,"52":9,"53":9,"54":9,"55":1,"56":1,"58":8,"59":8,"60":7,"61":9,"62":1,"63":1,"64":9,"65":5,"66":5,"67":9,"68":1,"69":1,"70":0,"71":0,"72":9},"branchMap":{"0":{"type":"branch","line":12,"loc":{"start":{"line":12,"column":0},"end":{"line":16,"column":1}},"locations":[{"start":{"line":12,"column":0},"end":{"line":16,"column":1}}]},"1":{"type":"branch","line":13,"loc":{"start":{"line":13,"column":25},"end":{"line":13,"column":40}},"locations":[{"start":{"line":13,"column":25},"end":{"line":13,"column":40}}]},"2":{"type":"branch","line":13,"loc":{"start":{"line":13,"column":36},"end":{"line":13,"column":50}},"locations":[{"start":{"line":13,"column":36},"end":{"line":13,"column":50}}]},"3":{"type":"branch","line":14,"loc":{"start":{"line":14,"column":27},"end":{"line":14,"column":38}},"locations":[{"start":{"line":14,"column":27},"end":{"line":14,"column":38}}]},"4":{"type":"branch","line":14,"loc":{"start":{"line":14,"column":34},"end":{"line":16,"column":1}},"locations":[{"start":{"line":14,"column":34},"end":{"line":16,"column":1}}]},"5":{"type":"branch","line":18,"loc":{"start":{"line":18,"column":0},"end":{"line":20,"column":1}},"locations":[{"start":{"line":18,"column":0},"end":{"line":20,"column":1}}]},"6":{"type":"branch","line":22,"loc":{"start":{"line":22,"column":0},"end":{"line":39,"column":1}},"locations":[{"start":{"line":22,"column":0},"end":{"line":39,"column":1}}]},"7":{"type":"branch","line":23,"loc":{"start":{"line":23,"column":21},"end":{"line":38,"column":3}},"locations":[{"start":{"line":23,"column":21},"end":{"line":38,"column":3}}]},"8":{"type":"branch","line":33,"loc":{"start":{"line":33,"column":51},"end":{"line":37,"column":5}},"locations":[{"start":{"line":33,"column":51},"end":{"line":37,"column":5}}]},"9":{"type":"branch","line":35,"loc":{"start":{"line":35,"column":10},"end":{"line":35,"column":26}},"locations":[{"start":{"line":35,"column":10},"end":{"line":35,"column":26}}]},"10":{"type":"branch","line":35,"loc":{"start":{"line":35,"column":26},"end":{"line":35,"column":79}},"locations":[{"start":{"line":35,"column":26},"end":{"line":35,"column":79}}]},"11":{"type":"branch","line":35,"loc":{"start":{"line":35,"column":78},"end":{"line":36,"column":29}},"locations":[{"start":{"line":35,"column":78},"end":{"line":36,"column":29}}]},"12":{"type":"branch","line":41,"loc":{"start":{"line":41,"column":0},"end":{"line":73,"column":1}},"locations":[{"start":{"line":41,"column":0},"end":{"line":73,"column":1}}]},"13":{"type":"branch","line":43,"loc":{"start":{"line":43,"column":29},"end":{"line":43,"column":40}},"locations":[{"start":{"line":43,"column":29},"end":{"line":43,"column":40}}]},"14":{"type":"branch","line":43,"loc":{"start":{"line":43,"column":32},"end":{"line":43,"column":62}},"locations":[{"start":{"line":43,"column":32},"end":{"line":43,"column":62}}]},"15":{"type":"branch","line":55,"loc":{"start":{"line":55,"column":6},"end":{"line":55,"column":52}},"locations":[{"start":{"line":55,"column":6},"end":{"line":55,"column":52}}]},"16":{"type":"branch","line":55,"loc":{"start":{"line":55,"column":52},"end":{"line":57,"column":3}},"locations":[{"start":{"line":55,"column":52},"end":{"line":57,"column":3}}]},"17":{"type":"branch","line":57,"loc":{"start":{"line":57,"column":2},"end":{"line":60,"column":38}},"locations":[{"start":{"line":57,"column":2},"end":{"line":60,"column":38}}]},"18":{"type":"branch","line":60,"loc":{"start":{"line":60,"column":36},"end":{"line":62,"column":45}},"locations":[{"start":{"line":60,"column":36},"end":{"line":62,"column":45}}]},"19":{"type":"branch","line":62,"loc":{"start":{"line":62,"column":37},"end":{"line":64,"column":5}},"locations":[{"start":{"line":62,"column":37},"end":{"line":64,"column":5}}]},"20":{"type":"branch","line":64,"loc":{"start":{"line":64,"column":4},"end":{"line":65,"column":27}},"locations":[{"start":{"line":64,"column":4},"end":{"line":65,"column":27}}]},"21":{"type":"branch","line":65,"loc":{"start":{"line":65,"column":20},"end":{"line":65,"column":85}},"locations":[{"start":{"line":65,"column":20},"end":{"line":65,"column":85}}]},"22":{"type":"branch","line":65,"loc":{"start":{"line":65,"column":83},"end":{"line":68,"column":11}},"locations":[{"start":{"line":65,"column":83},"end":{"line":68,"column":11}}]},"23":{"type":"branch","line":68,"loc":{"start":{"line":68,"column":2},"end":{"line":72,"column":3}},"locations":[{"start":{"line":68,"column":2},"end":{"line":72,"column":3}}]},"24":{"type":"branch","line":69,"loc":{"start":{"line":69,"column":47},"end":{"line":69,"column":69}},"locations":[{"start":{"line":69,"column":47},"end":{"line":69,"column":69}}]},"25":{"type":"branch","line":70,"loc":{"start":{"line":70,"column":99},"end":{"line":72,"column":3}},"locations":[{"start":{"line":70,"column":99},"end":{"line":72,"column":3}}]}},"b":{"0":[45],"1":[35],"2":[10],"3":[10],"4":[35],"5":[9],"6":[8],"7":[8],"8":[8],"9":[1],"10":[1],"11":[7],"12":[9],"13":[8],"14":[1],"15":[1],"16":[1],"17":[8],"18":[7],"19":[1],"20":[6],"21":[1],"22":[5],"23":[1],"24":[0],"25":[0]},"fnMap":{"0":{"name":"clampInt","decl":{"start":{"line":12,"column":0},"end":{"line":16,"column":1}},"loc":{"start":{"line":12,"column":0},"end":{"line":16,"column":1}},"line":12},"1":{"name":"cacheKey","decl":{"start":{"line":18,"column":0},"end":{"line":20,"column":1}},"loc":{"start":{"line":18,"column":0},"end":{"line":20,"column":1}},"line":18},"2":{"name":"runPython","decl":{"start":{"line":22,"column":0},"end":{"line":39,"column":1}},"loc":{"start":{"line":22,"column":0},"end":{"line":39,"column":1}},"line":22},"3":{"name":"POST","decl":{"start":{"line":41,"column":0},"end":{"line":73,"column":1}},"loc":{"start":{"line":41,"column":0},"end":{"line":73,"column":1}},"line":41}},"f":{"0":45,"1":9,"2":8,"3":9}}
,"C:\\papper2code\\src\\app\\api\\labs\\vit\\route.ts": {"path":"C:\\papper2code\\src\\app\\api\\labs\\vit\\route.ts","all":false,"statementMap":{"0":{"start":{"line":1,"column":0},"end":{"line":1,"column":56}},"4":{"start":{"line":5,"column":0},"end":{"line":5,"column":26}},"5":{"start":{"line":6,"column":0},"end":{"line":6,"column":41}},"7":{"start":{"line":8,"column":0},"end":{"line":8,"column":64}},"8":{"start":{"line":9,"column":0},"end":{"line":9,"column":32}},"10":{"start":{"line":11,"column":0},"end":{"line":11,"column":78}},"11":{"start":{"line":12,"column":0},"end":{"line":12,"column":50}},"12":{"start":{"line":13,"column":0},"end":{"line":13,"column":38}},"13":{"start":{"line":14,"column":0},"end":{"line":14,"column":53}},"14":{"start":{"line":15,"column":0},"end":{"line":15,"column":1}},"16":{"start":{"line":17,"column":0},"end":{"line":17,"column":54}},"17":{"start":{"line":18,"column":0},"end":{"line":18,"column":79}},"18":{"start":{"line":19,"column":0},"end":{"line":19,"column":1}},"20":{"start":{"line":21,"column":0},"end":{"line":21,"column":64}},"21":{"start":{"line":22,"column":0},"end":{"line":22,"column":43}},"22":{"start":{"line":23,"column":0},"end":{"line":23,"column":83}},"23":{"start":{"line":24,"column":0},"end":{"line":24,"column":77}},"24":{"start":{"line":25,"column":0},"end":{"line":25,"column":24}},"25":{"start":{"line":26,"column":0},"end":{"line":26,"column":33}},"26":{"start":{"line":27,"column":0},"end":{"line":27,"column":44}},"27":{"start":{"line":28,"column":0},"end":{"line":28,"column":44}},"28":{"start":{"line":29,"column":0},"end":{"line":29,"column":44}},"29":{"start":{"line":30,"column":0},"end":{"line":30,"column":44}},"30":{"start":{"line":31,"column":0},"end":{"line":31,"column":77}},"31":{"start":{"line":32,"column":0},"end":{"line":32,"column":26}},"32":{"start":{"line":33,"column":0},"end":{"line":33,"column":79}},"33":{"start":{"line":34,"column":0},"end":{"line":34,"column":29}},"34":{"start":{"line":35,"column":0},"end":{"line":35,"column":7}},"35":{"start":{"line":36,"column":0},"end":{"line":36,"column":5}},"36":{"start":{"line":37,"column":0},"end":{"line":37,"column":1}},"38":{"start":{"line":39,"column":0},"end":{"line":39,"column":46}},"39":{"start":{"line":40,"column":0},"end":{"line":40,"column":40}},"40":{"start":{"line":41,"column":0},"end":{"line":41,"column":62}},"42":{"start":{"line":43,"column":0},"end":{"line":43,"column":13}},"43":{"start":{"line":44,"column":0},"end":{"line":44,"column":59}},"44":{"start":{"line":45,"column":0},"end":{"line":45,"column":58}},"45":{"start":{"line":46,"column":0},"end":{"line":46,"column":59}},"46":{"start":{"line":47,"column":0},"end":{"line":47,"column":58}},"47":{"start":{"line":48,"column":0},"end":{"line":48,"column":4}},"49":{"start":{"line":50,"column":0},"end":{"line":50,"column":26}},"50":{"start":{"line":51,"column":0},"end":{"line":51,"column":33}},"51":{"start":{"line":52,"column":0},"end":{"line":52,"column":53}},"52":{"start":{"line":53,"column":0},"end":{"line":53,"column":77}},"53":{"start":{"line":54,"column":0},"end":{"line":54,"column":3}},"55":{"start":{"line":56,"column":0},"end":{"line":56,"column":7}},"56":{"start":{"line":57,"column":0},"end":{"line":57,"column":38}},"57":{"start":{"line":58,"column":0},"end":{"line":58,"column":38}},"58":{"start":{"line":59,"column":0},"end":{"line":59,"column":46}},"59":{"start":{"line":60,"column":0},"end":{"line":60,"column":101}},"60":{"start":{"line":61,"column":0},"end":{"line":61,"column":5}},"61":{"start":{"line":62,"column":0},"end":{"line":62,"column":85}},"62":{"start":{"line":63,"column":0},"end":{"line":63,"column":46}},"63":{"start":{"line":64,"column":0},"end":{"line":64,"column":71}},"64":{"start":{"line":65,"column":0},"end":{"line":65,"column":17}},"65":{"start":{"line":66,"column":0},"end":{"line":66,"column":69}},"66":{"start":{"line":67,"column":0},"end":{"line":67,"column":101}},"67":{"start":{"line":68,"column":0},"end":{"line":68,"column":78}},"68":{"start":{"line":69,"column":0},"end":{"line":69,"column":3}},"69":{"start":{"line":70,"column":0},"end":{"line":70,"column":1}}},"s":{"0":1,"4":1,"5":1,"7":1,"8":1,"10":20,"11":20,"12":20,"13":20,"14":20,"16":5,"17":5,"18":5,"20":5,"21":5,"22":5,"23":5,"24":5,"25":5,"26":5,"27":5,"28":5,"29":5,"30":5,"31":5,"32":5,"33":5,"34":5,"35":5,"36":5,"38":5,"39":5,"40":5,"42":5,"43":5,"44":5,"45":5,"46":5,"47":5,"49":5,"50":5,"51":5,"52":0,"53":0,"55":5,"56":5,"57":5,"58":5,"59":0,"60":0,"61":5,"62":4,"63":4,"64":5,"65":0,"66":0,"67":0,"68":0,"69":5},"branchMap":{"0":{"type":"branch","line":11,"loc":{"start":{"line":11,"column":0},"end":{"line":15,"column":1}},"locations":[{"start":{"line":11,"column":0},"end":{"line":15,"column":1}}]},"1":{"type":"branch","line":12,"loc":{"start":{"line":12,"column":36},"end":{"line":12,"column":50}},"locations":[{"start":{"line":12,"column":36},"end":{"line":12,"column":50}}]},"2":{"type":"branch","line":13,"loc":{"start":{"line":13,"column":27},"end":{"line":13,"column":38}},"locations":[{"start":{"line":13,"column":27},"end":{"line":13,"column":38}}]},"3":{"type":"branch","line":17,"loc":{"start":{"line":17,"column":0},"end":{"line":19,"column":1}},"locations":[{"start":{"line":17,"column":0},"end":{"line":19,"column":1}}]},"4":{"type":"branch","line":21,"loc":{"start":{"line":21,"column":0},"end":{"line":37,"column":1}},"locations":[{"start":{"line":21,"column":0},"end":{"line":37,"column":1}}]},"5":{"type":"branch","line":22,"loc":{"start":{"line":22,"column":21},"end":{"line":36,"column":3}},"locations":[{"start":{"line":22,"column":21},"end":{"line":36,"column":3}}]},"6":{"type":"branch","line":31,"loc":{"start":{"line":31,"column":51},"end":{"line":35,"column":5}},"locations":[{"start":{"line":31,"column":51},"end":{"line":35,"column":5}}]},"7":{"type":"branch","line":33,"loc":{"start":{"line":33,"column":10},"end":{"line":33,"column":26}},"locations":[{"start":{"line":33,"column":10},"end":{"line":33,"column":26}}]},"8":{"type":"branch","line":33,"loc":{"start":{"line":33,"column":26},"end":{"line":33,"column":79}},"locations":[{"start":{"line":33,"column":26},"end":{"line":33,"column":79}}]},"9":{"type":"branch","line":39,"loc":{"start":{"line":39,"column":0},"end":{"line":70,"column":1}},"locations":[{"start":{"line":39,"column":0},"end":{"line":70,"column":1}}]},"10":{"type":"branch","line":41,"loc":{"start":{"line":41,"column":32},"end":{"line":41,"column":62}},"locations":[{"start":{"line":41,"column":32},"end":{"line":41,"column":62}}]},"11":{"type":"branch","line":52,"loc":{"start":{"line":52,"column":6},"end":{"line":52,"column":52}},"locations":[{"start":{"line":52,"column":6},"end":{"line":52,"column":52}}]},"12":{"type":"branch","line":52,"loc":{"start":{"line":52,"column":52},"end":{"line":54,"column":3}},"locations":[{"start":{"line":52,"column":52},"end":{"line":54,"column":3}}]},"13":{"type":"branch","line":59,"loc":{"start":{"line":59,"column":37},"end":{"line":61,"column":5}},"locations":[{"start":{"line":59,"column":37},"end":{"line":61,"column":5}}]},"14":{"type":"branch","line":62,"loc":{"start":{"line":62,"column":20},"end":{"line":62,"column":85}},"locations":[{"start":{"line":62,"column":20},"end":{"line":62,"column":85}}]},"15":{"type":"branch","line":62,"loc":{"start":{"line":62,"column":83},"end":{"line":65,"column":11}},"locations":[{"start":{"line":62,"column":83},"end":{"line":65,"column":11}}]},"16":{"type":"branch","line":65,"loc":{"start":{"line":65,"column":2},"end":{"line":69,"column":3}},"locations":[{"start":{"line":65,"column":2},"end":{"line":69,"column":3}}]}},"b":{"0":[20],"1":[0],"2":[0],"3":[5],"4":[5],"5":[5],"6":[5],"7":[0],"8":[0],"9":[5],"10":[0],"11":[0],"12":[0],"13":[0],"14":[1],"15":[4],"16":[0]},"fnMap":{"0":{"name":"clampInt","decl":{"start":{"line":11,"column":0},"end":{"line":15,"column":1}},"loc":{"start":{"line":11,"column":0},"end":{"line":15,"column":1}},"line":11},"1":{"name":"cacheKey","decl":{"start":{"line":17,"column":0},"end":{"line":19,"column":1}},"loc":{"start":{"line":17,"column":0},"end":{"line":19,"column":1}},"line":17},"2":{"name":"runPython","decl":{"start":{"line":21,"column":0},"end":{"line":37,"column":1}},"loc":{"start":{"line":21,"column":0},"end":{"line":37,"column":1}},"line":21},"3":{"name":"POST","decl":{"start":{"line":39,"column":0},"end":{"line":70,"column":1}},"loc":{"start":{"line":39,"column":0},"end":{"line":70,"column":1}},"line":39}},"f":{"0":20,"1":5,"2":5,"3":5}}
,"C:\\papper2code\\src\\app\\api\\papers\\[id]\\block-hierarchy\\route.ts": {"path":"C:\\papper2code\\src\\app\\api\\papers\\[id]\\block-hierarchy\\route.ts","all":false,"statementMap":{"0":{"start":{"line":1,"column":0},"end":{"line":1,"column":56}},"4":{"start":{"line":5,"column":0},"end":{"line":5,"column":26}},"5":{"start":{"line":6,"column":0},"end":{"line":6,"column":41}},"8":{"start":{"line":9,"column":0},"end":{"line":9,"column":32}},"9":{"start":{"line":10,"column":0},"end":{"line":10,"column":49}},"10":{"start":{"line":11,"column":0},"end":{"line":11,"column":52}},"11":{"start":{"line":12,"column":0},"end":{"line":12,"column":47}},"12":{"start":{"line":13,"column":0},"end":{"line":13,"column":60}},"13":{"start":{"line":14,"column":0},"end":{"line":14,"column":3}},"16":{"start":{"line":17,"column":0},"end":{"line":17,"column":64}},"17":{"start":{"line":18,"column":0},"end":{"line":18,"column":47}},"19":{"start":{"line":20,"column":0},"end":{"line":20,"column":59}},"20":{"start":{"line":21,"column":0},"end":{"line":21,"column":43}},"21":{"start":{"line":22,"column":0},"end":{"line":22,"column":89}},"22":{"start":{"line":23,"column":0},"end":{"line":23,"column":77}},"24":{"start":{"line":25,"column":0},"end":{"line":25,"column":95}},"25":{"start":{"line":26,"column":0},"end":{"line":26,"column":45}},"26":{"start":{"line":27,"column":0},"end":{"line":27,"column":33}},"27":{"start":{"line":28,"column":0},"end":{"line":28,"column":26}},"28":{"start":{"line":29,"column":0},"end":{"line":29,"column":79}},"29":{"start":{"line":30,"column":0},"end":{"line":30,"column":29}},"30":{"start":{"line":31,"column":0},"end":{"line":31,"column":7}},"31":{"start":{"line":32,"column":0},"end":{"line":32,"column":5}},"32":{"start":{"line":33,"column":0},"end":{"line":33,"column":1}},"34":{"start":{"line":35,"column":0},"end":{"line":35,"column":26}},"35":{"start":{"line":36,"column":0},"end":{"line":36,"column":20}},"36":{"start":{"line":37,"column":0},"end":{"line":37,"column":50}},"37":{"start":{"line":38
[...]
},"end":{"line":161,"column":5}},"161":{"start":{"line":162,"column":0},"end":{"line":162,"column":49}},"162":{"start":{"line":163,"column":0},"end":{"line":163,"column":111}},"163":{"start":{"line":164,"column":0},"end":{"line":164,"column":5}},"164":{"start":{"line":165,"column":0},"end":{"line":165,"column":32}},"165":{"start":{"line":166,"column":0},"end":{"line":166,"column":81}},"166":{"start":{"line":167,"column":0},"end":{"line":167,"column":5}},"167":{"start":{"line":168,"column":0},"end":{"line":168,"column":3}},"169":{"start":{"line":170,"column":0},"end":{"line":170,"column":10}},"170":{"start":{"line":171,"column":0},"end":{"line":171,"column":74}},"171":{"start":{"line":172,"column":0},"end":{"line":172,"column":70}},"173":{"start":{"line":174,"column":0},"end":{"line":174,"column":21}},"174":{"start":{"line":175,"column":0},"end":{"line":175,"column":27}},"175":{"start":{"line":176,"column":0},"end":{"line":176,"column":36}},"176":{"start":{"line":177,"column":0},"end":{"line":177,"column":9}},"177":{"start":{"line":178,"column":0},"end":{"line":178,"column":10}},"179":{"start":{"line":180,"column":0},"end":{"line":180,"column":1}}},"s":{"0":1,"30":31,"31":31,"32":31,"33":23,"34":0,"35":0,"37":45,"38":45,"39":45,"45":45,"46":45,"47":45,"48":45,"49":45,"50":45,"51":45,"52":45,"53":45,"54":45,"55":45,"56":45,"57":45,"58":45,"59":45,"60":45,"61":45,"62":45,"63":45,"64":45,"65":45,"66":45,"67":45,"69":45,"70":45,"71":9,"72":9,"73":9,"75":45,"77":45,"79":1,"80":12,"81":1,"82":1,"83":1,"85":1,"87":1,"88":12,"89":1,"90":1,"91":1,"92":1,"93":1,"94":1,"95":1,"96":1,"97":1,"99":1,"100":12,"101":1,"102":1,"104":1,"106":1,"108":9,"110":9,"111":9,"112":9,"113":9,"114":9,"115":9,"116":9,"117":9,"118":9,"119":9,"120":9,"121":9,"122":9,"123":9,"124":9,"125":9,"126":9,"127":9,"128":9,"129":9,"130":0,"131":12,"132":12,"133":12,"135":12,"136":4,"137":4,"138":2,"139":2,"140":4,"141":2,"142":2,"143":4,"144":2,"145":2,"146":2,"147":2,"148":2,"149":2,"150":2,"151":4,"153":12,"154":1,"155":1,"157":12,"158":1,"159":1,"160":1,"161":1,"162":1,"163":1,"164":1,"165":0,"166":0,"167":1,"169":9,"170":9,"171":9,"173":9,"174":9,"175":45,"176":9,"177":9,"179":9},"branchMap":{"0":{"type":"branch","line":31,"loc":{"start":{"line":31,"column":0},"end":{"line":36,"column":1}},"locations":[{"start":{"line":31,"column":0},"end":{"line":36,"column":1}}]},"1":{"type":"branch","line":32,"loc":{"start":{"line":32,"column":17},"end":{"line":32,"column":28}},"locations":[{"start":{"line":32,"column":17},"end":{"line":32,"column":28}}]},"2":{"type":"branch","line":33,"loc":{"start":{"line":33,"column":17},"end":{"line":33,"column":57}},"locations":[{"start":{"line":33,"column":17},"end":{"line":33,"column":57}}]},"3":{"type":"branch","line":33,"loc":{"start":{"line":33,"column":53},"end":{"line":34,"column":44}},"locations":[{"start":{"line":33,"column":53},"end":{"line":34,"column":44}}]},"4":{"type":"branch","line":34,"loc":{"start":{"line":34,"column":41},"end":{"line":36,"column":1}},"locations":[{"start":{"line":34,"column":41},"end":{"line":36,"column":1}}]},"5":{"type":"branch","line":38,"loc":{"start":{"line":38,"column":0},"end":{"line":78,"column":1}},"locations":[{"start":{"line":38,"column":0},"end":{"line":78,"column":1}}]},"6":{"type":"branch","line":51,"loc":{"start":{"line":51,"column":18},"end":{"line":51,"column":89}},"locations":[{"start":{"line":51,"column":18},"end":{"line":51,"column":89}}]},"7":{"type":"branch","line":51,"loc":{"start":{"line":51,"column":27},"end":{"line":51,"column":106}},"locations":[{"start":{"line":51,"column":27},"end":{"line":51,"column":106}}]},"8":{"type":"branch","line":52,"loc":{"start":{"line":52,"column":27},"end":{"line":52,"column":99}},"locations":[{"start":{"line":52,"column":27},"end":{"line":52,"column":99}}]},"9":{"type":"branch","line":52,"loc":{"start":{"line":52,"column":36},"end":{"line":52,"column":120}},"locations":[{"start":{"line":52,"column":36},"end":{"line":52,"column":120}}]},"10":{"type":"branch","line":63,"loc":{"start":{"line":63,"column":17},"end":{"line":63,"column":52}},"locations":[{"start":{"line":63,"column":17},"end":{"line":63,"column":52}}]},"11":{"type":"branch","line":63,"loc":{"start":{"line":63,"column":26},"end":{"line":63,"column":80}},"locations":[{"start":{"line":63,"column":26},"end":{"line":63,"column":80}}]},"12":{"type":"branch","line":71,"loc":{"start":{"line":71,"column":7},"end":{"line":74,"column":14}},"locations":[{"start":{"line":71,"column":7},"end":{"line":74,"column":14}}]},"13":{"type":"branch","line":80,"loc":{"start":{"line":80,"column":7},"end":{"line":180,"column":1}},"locations":[{"start":{"line":80,"column":7},"end":{"line":180,"column":1}}]},"14":{"type":"branch","line":81,"loc":{"start":{"line":81,"column":15},"end":{"line":88,"column":3}},"locations":[{"start":{"line":81,"column":15},"end":{"line":88,"column":3}}]},"15":{"type":"branch","line":88,"loc":{"start":{"line":88,"column":2},"end":{"line":89,"column":13}},"locations":[{"start":{"line":88,"column":2},"end":{"line":89,"column":13}}]},"16":{"type":"branch","line":89,"loc":{"start":{"line":89,"column":13},"end":{"line":100,"column":3}},"locations":[{"start":{"line":89,"column":13},"end":{"line":100,"column":3}}]},"17":{"type":"branch","line":100,"loc":{"start":{"line":100,"column":2},"end":{"line":101,"column":16}},"locations":[{"start":{"line":100,"column":2},"end":{"line":101,"column":16}}]},"18":{"type":"branch","line":101,"loc":{"start":{"line":101,"column":16},"end":{"line":107,"column":3}},"locations":[{"start":{"line":101,"column":16},"end":{"line":107,"column":3}}]},"19":{"type":"branch","line":107,"loc":{"start":{"line":107,"column":2},"end":{"line":130,"column":114}},"locations":[{"start":{"line":107,"column":2},"end":{"line":130,"column":114}}]},"20":{"type":"branch","line":130,"loc":{"start":{"line":130,"column":30},"end":{"line":130,"column":71}},"locations":[{"start":{"line":130,"column":30},"end":{"line":130,"column":71}}]},"21":{"type":"branch","line":130,"loc":{"start":{"line":130,"column":66},"end":{"line":130,"column":114}},"locations":[{"start":{"line":130,"column":66},"end":{"line":130,"column":114}}]},"22":{"type":"branch","line":130,"loc":{"start":{"line":130,"column":112},"end":{"line":131,"column":12}},"locations":[{"start":{"line":130,"column":112},"end":{"line":131,"column":12}}]},"23":{"type":"branch","line":132,"loc":{"start":{"line":132,"column":32},"end":{"line":132,"column":66}},"locations":[{"start":{"line":132,"column":32},"end":{"line":132,"column":66}}]},"24":{"type":"branch","line":132,"loc":{"start":{"line":132,"column":62},"end":{"line":132,"column":73}},"locations":[{"start":{"line":132,"column":62},"end":{"line":132,"column":73}}]},"25":{"type":"branch","line":132,"loc":{"start":{"line":132,"column":66},"end":{"line":132,"column":78}},"locations":[{"start":{"line":132,"column":66},"end":{"line":132,"column":78}}]},"26":{"type":"branch","line":136,"loc":{"start":{"line":136,"column":16},"end":{"line":136,"column":50}},"locations":[{"start":{"line":136,"column":16},"end":{"line":136,"column":50}}]},"27":{"type":"branch","line":136,"loc":{"start":{"line":136,"column":50},"end":{"line":152,"column":3}},"locations":[{"start":{"line":136,"column":50},"end":{"line":152,"column":3}}]},"28":{"type":"branch","line":137,"loc":{"start":{"line":137,"column":27},"end":{"line":137,"column":62}},"locations":[{"start":{"line":137,"column":27},"end":{"line":137,"column":62}}]},"29":{"type":"branch","line":138,"loc":{"start":{"line":138,"column":24},"end":{"line":140,"column":5}},"locations":[{"start":{"line":138,"column":24},"end":{"line":140,"column":5}}]},"30":{"type":"branch","line":139,"loc":{"start":{"line":139,"column":35},"end":{"line":139,"column":59}},"locations":[{"start":{"line":139,"column":35},"end":{"line":139,"column":59}}]},"31":{"type":"branch","line":139,"loc":{"start":{"line":139,"column":43},"end":{"line":139,"column":78}},"locations":[{"start":{"line":139,"column":43},"end":{"line":139,"column":78}}]},"32":{"type":"branch","line":141,"loc":{"start":{"line":141,"column":34},"end":{"line":143,"column":5}},"locations":[{"start":{"line":141,"column":34},"end":{"line":143,"column":5}}]},"33":{"type":"branch","line":142,"loc":{"start":{"line":142,"column":95},"end":{"line":142,"column":110}},"locations":[{"start":{"line":142,"column":95},"end":{"line":142,"column":110}}]},"34":{"type":"branch","line":144,"loc":{"start":{"line":144,"column":47},"end":{"line":151,"column":5}},"locations":[{"start":{"line":144,"column":47},"end":{"line":151,"column":5}}]},"35":{"type":"branch","line":152,"loc":{"start":{"line":152,"column":2},"end":{"line":154,"column":25}},"locations":[{"start":{"line":152,"column":2},"end":{"line":154,"column":25}}]},"36":{"type":"branch","line":154,"loc":{"start":{"line":154,"column":16},"end":{"line":154,"column":58}},"locations":[{"start":{"line":154,"column":16},"end":{"line":154,"column":58}}]},"37":{"type":"branch","line":154,"loc":{"start":{"line":154,"column":58},"end":{"line":156,"column":3}},"locations":[{"start":{"line":154,"column":58},"end":{"line":156,"column":3}}]},"38":{"type":"branch","line":156,"loc":{"start":{"line":156,"column":2},"end":{"line":158,"column":29}},"locations":[{"start":{"line":156,"column":2},"end":{"line":158,"column":29}}]},"39":{"type":"branch","line":158,"loc":{"start":{"line":158,"column":29},"end":{"line":168,"column":3}},"locations":[{"start":{"line":158,"column":29},"end":{"line":168,"column":3}}]},"40":{"type":"branch","line":165,"loc":{"start":{"line":165,"column":31},"end":{"line":167,"column":5}},"locations":[{"start":{"line":165,"column":31},"end":{"line":167,"column":5}}]},"41":{"type":"branch","line":168,"loc":{"start":{"line":168,"column":2},"end":{"line":180,"column":1}},"locations":[{"start":{"line":168,"column":2},"end":{"line":180,"column":1}}]},"42":{"type":"branch","line":175,"loc":{"start":{"line":175,"column":16},"end":{"line":176,"column":36}},"locations":[{"start":{"line":175,"column":16},"end":{"line":176,"column":36}}]}},"b":{"0":[31],"1":[0],"2":[8],"3":[23],"4":[0],"5":[45],"6":[9],"7":[36],"8":[9],"9":[36],"10":[9],"11":[36],"12":[9],"13":[12],"14":[1],"15":[11],"16":[1],"17":[10],"18":[1],"19":[9],"20":[1],"21":[8],"22":[0],"23":[9],"24":[1],"25":[8],"26":[6],"27":[4],"28":[3],"29":[2],"30":[1],"31":[1],"32":[2],"33":[0],"34":[2],"35":[9],"36":[4],"37":[1],"38":[9],"39":[1],"40":[0],"41":[9],"42":[45]},"fnMap":{"0":{"name":"fmt","decl":{"start":{"line":31,"column":0},"end":{"line":36,"column":1}},"loc":{"start":{"line":31,"column":0},"end":{"line":36,"column":1}},"line":31},"1":{"name":"MetricRow","decl":{"start":{"line":38,"column":0},"end":{"line":78,"column":1}},"loc":{"start":{"line":38,"column":0},"end":{"line":78,"column":1}},"line":38},"2":{"name":"MetricsPanel","decl":{"start":{"line":80,"column":7},"end":{"line":180,"column":1}},"loc":{"start":{"line":80,"column":7},"end":{"line":180,"column":1}},"line":80}},"f":{"0":31,"1":45,"2":12}}
,"C:\\papper2code\\src\\components\\labs\\ParameterControls.tsx": {"path":"C:\\papper2code\\src\\components\\labs\\ParameterControls.tsx","all":false,"statementMap":{"0":{"start":{"line":1,"column":0},"end":{"line":1,"column":13}},"20":{"start":{"line":21,"column":0},"end":{"line":21,"column":35}},"21":{"start":{"line":22,"column":0},"end":{"line":22,"column":9}},"22":{"start":{"line":23,"column":0},"end":{"line":23,"column":9}},"23":{"start":{"line":24,"column":0},"end":{"line":24,"column":11}},"24":{"start":{"line":25,"column":0},"end":{"line":25,"column":19}},"25":{"start":{"line":26,"column":0},"end":{"line":26,"column":28}},"26":{"start":{"line":27,"column":0},"end":{"line":27,"column":10}},"27":{"start":{"line":28,"column":0},"end":{"line":28,"column":75}},"28":{"start":{"line":29,"column":0},"end":{"line":29,"column":74}},"29":{"start":{"line":30,"column":0},"end":{"line":30,"column":26}},"30":{"start":{"line":31,"column":0},"end":{"line":31,"column":47}},"31":{"start":{"line":32,"column":0},"end":{"line":32,"column":48}},"32":{"start":{"line":33,"column":0},"end":{"line":33,"column":47}},"33":{"start":{"line":34,"column":0},"end":{"line":34,"column":16}},"34":{"start":{"line":35,"column":0},"end":{"line":35,"column":92}},"35":{"start":{"line":36,"column":0},"end":{"line":36,"column":102}},"36":{"start":{"line":37,"column":0},"end":{"line":37,"column":20}},"37":{"start":{"line":38,"column":0},"end":{"line":38,"column":33}},"38":{"start":{"line":39,"column":0},"end":{"line":39,"column":24}},"39":{"start":{"line":40,"column":0},"end":{"line":40,"column":52}},"40":{"start":{"line":41,"column":0},"end":{"line":41,"column":53}},"41":{"start":{"line":42,"column":0},"end":{"line":42,"column":18}},"43":{"start":{"line":44,"column":0},"end":{"line":44,"column":25}},"44":{"start":{"line":45,"column":0},"end":{"line":45,"column":22}},"45":{"start":{"line":46,"column":0},"end":{"line":46,"column":20}},"46":{"start":{"line":47,"column":0},"end":{"line":47,"column":28}},"47":{"start":{"line":48,"column":0},"end":{"line":48,"column":29}},"48":{"start":{"line":49,"column":0},"end":{"line":49,"column":27}},"49":{"start":{"line":50,"column":0},"end":{"line":50,"column":27}},"50":{"start":{"line":51,"column":0},"end":{"line":51,"column":27}},"51":{"start":{"line":52,"column":0},"end":{"line":52,"column":29}},"52":{"start":{"line":53,"column":0},"end":{"line":53,"column":35}},"53":{"start":{"line":54,"column":0},"end":{"line":54,"column":34}},"54":{"start":{"line":55,"column":0},"end":{"line":55,"column":57}},"55":{"start":{"line":56,"column":0},"end":{"line":56,"column":80}},"56":{"start":{"line":57,"column":0},"end":{"line":57,"column":18}},"57":{"start":{"line":58,"column":0},"end":{"line":58,"column":24}},"58":{"start":{"line":59,"column":0},"end":{"line":59,"column":67}},"59":{"start":{"line":60,"column":0},"end":{"line":60,"column":67}},"60":{"start":{"line":61,"column":0},"end":{"line":61,"column":79}},"61":{"start":{"line":62,"column":0},"end":{"line":62,"column":73}},"62":{"start":{"line":63,"column":0},"end":{"line":63,"column":60}},"63":{"start":{"line":64,"column":0},"end":{"line":64,"column":46}},"64":{"start":{"line":65,"column":0},"end":{"line":65,"column":18}},"65":{"start":{"line":66,"column":0},"end":{"line":66,"column":16}},"66":{"start":{"line":67,"column":0},"end":{"line":67,"column":18}},"67":{"start":{"line":68,"column":0},"end":{"line":68,"column":50}},"68":{"start":{"line":69,"column":0},"end":{"line":69,"column":20}},"69":{"start":{"line":70,"column":0},"end":{"line":70,"column":28}},"70":{"start":{"line":71,"column":0},"end":{"line":71,"column":28}},"71":{"start":{"line":72,"column":0},"end":{"line":72,"column":36}},"72":{"start":{"line":73,"column":0},"end":{"line":73,"column":37}},"73":{"start":{"line":74,"column":0},"end":{"line":74,"column":37}},"74":{"start":{"line":75,"column":0},"end":{"line":75,"column":35}},"75":{"start":{"line":76,"column":0},"end":{"line":76,"column":27}},"76":{"start":{"line":77,"column":0},"end":{"line":77,"column":27}},"77":{"start":{"line":78,"column":0},"end":{"line":78,"column":29}},"78":{"start":{"line":79,"column":0},"end":{"line":79,"column":27}},"79":{"start":{"line":80,"column":0},"end":{"line":80,"column":35}},"80":{"start":{"line":81,"column":0},"end":{"line":81,"column":79}},"81":{"start":{"line":82,"column":0},"end":{"line":82,"column":24}},"82":{"start":{"line":83,"column":0},"end":{"line":83,"column":70}},"83":{"start":{"line":84,"column":0},"end":{"line":84,"column":92}},"84":{"start":{"line":85,"column":0},"end":{"line":85,"column":18}},"85":{"start":{"line":86,"column":0},"end":{"line":86,"column":16}},"86":{"start":{"line":87,"column":0},"end":{"line":87,"column":27}},"87":{"start":{"line":88,"column":0},"end":{"line":88,"column":65}},"88":{"start":{"line":89,"column":0},"end":{"line":89,"column":85}},"89":{"start":{"line":90,"column":0},"end":{"line":90,"column":17}},"90":{"start":{"line":91,"column":0},"end":{"line":91,"column":53}},"91":{"start":{"line":92,"column":0},"end":{"line":92,"column":82}},"92":{"start":{"line":93,"column":0},"end":{"line":93,"column":40}},"93":{"start":{"line":94,"column":0},"end":{"line":94,"column":23}},"94":{"start":{"line":95,"column":0},"end":{"line":95,"column":53}},"95":{"start":{"line":96,"column":0},"end":{"line":96,"column":20}},"96":{"start":{"line":97,"column":0},"end":{"line":97,"column":18}},"97":{"start":{"line":98,"column":0},"end":{"line":98,"column":16}},"99":{"start":{"line":100,"column":0},"end":{"line":100,"column":9}},"100":{"start":{"line":101,"column":0},"end":{"line":101,"column":10}},"102":{"start":{"line":103,"column":0},"end":{"line":103,"column":1}}},"s":{"0":1,"20":1,"21":11,"22":11,"23":11,"24":11,"25":11,"26":11,"27":11,"28":11,"29":11,"30":22,"31":22,"32":22,"33":22,"34":22,"35":22,"36":22,"37":22,"38":22,"39":22,"40":22,"41":22,"43":22,"44":22,"45":22,"46":22,"47":22,"48":22,"49":22,"50":22,"51":22,"52":22,"53":22,"54":1,"55":1,"56":1,"57":22,"58":22,"59":22,"60":22,"61":22,"62":22,"63":22,"64":22,"65":22,"66":22,"67":22,"68":22,"69":22,"70":22,"71":22,"72":22,"73":22,"74":22,"75":22,"76":22,"77":22,"78":22,"79":22,"80":22,"81":22,"82":22,"83":22,"84":22,"85":22,"86":22,"87":22,"88":22,"89":22,"90":22,"91":22,"92":22,"93":22,"94":22,"95":22,"96":22,"97":22,"99":11,"100":11,"102":11},"branchMap":{"0":{"type":"branch","line":21,"loc":{"start":{"line":21,"column":7},"end":{"line":103,"column":1}},"locations":[{"start":{"line":21,"column":7},"end":{"line":103,"column":1}}]},"1":{"type":"branch","line":30,"loc":{"start":{"line":30,"column":18},"end":{"line":100,"column":7}},"locations":[{"start":{"line":30,"column":18},"end":{"line":100,"column":7}}]},"2":{"type":"branch","line":31,"loc":{"start":{"line":31,"column":32},"end":{"line":31,"column":47}},"locations":[{"start":{"line":31,"column":32},"end":{"line":31,"column":47}}]},"3":{"type":"branch","line":64,"loc":{"start":{"line":64,"column":27},"end":{"line":64,"column":44}},"locations":[{"start":{"line":64,"column":27},"end":{"line":64,"column":44}}]},"4":{"type":"branch","line":64,"loc":{"start":{"line":64,"column":38},"end":{"line":64,"column":46}},"locations":[{"start":{"line":64,"column":38},"end":{"line":64,"column":46}}]},"5":{"type":"branch","line":84,"loc":{"start":{"line":84,"column":27},"end":{"line":84,"column":44}},"locations":[{"start":{"line":84,"column":27},"end":{"line":84,"column":44}}]},"6":{"type":"branch","line":84,"loc":{"start":{"line":84,"column":38},"end":{"line":84,"column":47}},"locations":[{"start":{"line":84,"column":38},"end":{"line":84,"column":47}}]},"7":{"type":"branch","line":84,"loc":{"start":{"line":84,"column":55},"end":{"line":84,"column":82}},"locations":[{"start":{"line":84,"column":55},"end":{"line":84,"column":82}}]},"8":{"type":"branch","line":84,"loc":{"start":{"line":84,"column":66},"end":{"line":84,"column":92}},"locations":[{"start":{"line":84,"column":66},"end":{"line":84,"column":92}}]},"9":{"type":"branch","line":54,"loc":{"start":{"line":54,"column":26},"end":{"line":57,"column":18}},"locations":[{"start":{"line":54,"column":26},"end":{"line":57,"column":18}}]},"10":{"type":"branch","line":81,"loc":{"start":{"line":81,"column":26},"end":{"line":81,"column":79}},"locations":[{"start":{"line":81,"column":26},"end":{"line":81,"column":79}}]}},"b":{"0":[11],"1":[22],"2":[2],"3":[2],"4":[20],"5":[2],"6":[20],"7":[2],"8":[20],"9":[1],"10":[1]},"fnMap":{"0":{"name":"ParameterControls","decl":{"start":{"line":21,"column":7},"end":{"line":103,"column":1}},"loc":{"start":{"line":21,"column":7},"end":{"line":103,"column":1}},"line":21},"1":{"name":"onChange","decl":{"start":{"line":54,"column":26},"end":{"line":57,"column":18}},"loc":{"start":{"line":54,"column":26},"end":{"line":57,"column":18}},"line":54},"2":{"name":"onChange","decl":{"start":{"line":81,"column":26},"end":{"line":81,"column":79}},"loc":{"start":{"line":81,"column":26},"end":{"line":81,"column":79}},"line":81}},"f":{"0":11,"1":1,"2":1}}
}
