TN:
SF:src\app\api\dojo\run\route.ts
FN:104,buildTestScript
FN:120,runScript
FN:141,POST
FNF:3
FNH:3
FNDA:7,buildTestScript
FNDA:7,runScript
FNDA:12,POST
DA:1,1
DA:8,1
DA:9,1
DA:22,1
DA:23,1
DA:24,1
DA:25,1
DA:26,1
DA:27,1
DA:28,1
DA:29,1
DA:30,1
DA:31,1
DA:32,1
DA:33,1
DA:34,1
DA:35,1
DA:36,1
DA:37,1
DA:38,1
DA:39,1
DA:40,1
DA:41,1
DA:42,1
DA:43,1
DA:44,1
DA:45,1
DA:46,1
DA:47,1
DA:48,1
DA:49,1
DA:50,1
DA:51,1
DA:52,1
DA:53,1
DA:54,1
DA:55,1
DA:56,1
DA:57,1
DA:58,1
DA:59,1
DA:60,1
DA:61,1
DA:62,1
DA:63,1
DA:64,1
DA:65,1
DA:66,1
DA:67,1
DA:68,1
DA:69,1
DA:70,1
DA:71,1
DA:72,1
DA:73,1
DA:74,1
DA:75,1
DA:76,1
DA:77,1
DA:78,1
DA:79,1
DA:80,1
DA:81,1
DA:82,1
DA:83,1
DA:84,1
DA:85,1
DA:86,1
DA:87,1
DA:88,1
DA:89,1
DA:90,1
DA:91,1
DA:92,1
DA:93,1
DA:94,1
DA:95,1
DA:96,1
DA:97,1
DA:98,1
DA:99,1
DA:100,1
DA:101,1
DA:102,1
DA:104,7
DA:105,7
DA:106,7
DA:107,7
DA:108,7
DA:109,7
DA:110,7
DA:113,7
DA:114,7
DA:115,7
DA:116,7
DA:117,7
DA:118,7
DA:120,7
DA:121,7
DA:122,7
DA:123,0
DA:124,7
DA:126,7
DA:127,7
DA:128,7
DA:129,7
DA:130,7
DA:131,7
DA:132,1
DA:133,1
DA:134,1
DA:135,6
DA:136,7
DA:137,7
DA:138,7
DA:139,7
DA:141,12
DA:142,12
DA:144,12
DA:145,12
DA:146,12
DA:148,12
DA:149,1
DA:150,1
DA:151,12
DA:152,1
DA:153,1
DA:154,12
DA:155,1
DA:156,1
DA:158,12
DA:159,2
DA:160,2
DA:162,7
DA:163,7
DA:164,7
DA:165,7
DA:167,7
DA:168,7
DA:169,6
DA:171,6
DA:173,6
DA:174,12
DA:175,1
DA:176,1
DA:177,1
DA:178,1
DA:179,1
DA:180,1
DA:181,1
DA:182,0
DA:183,0
DA:184,0
DA:185,0
DA:186,12
DA:187,12
DA:188,7
DA:189,7
DA:190,12
DA:191,12
LF:160
LH:155
BRDA:104,0,0,7
BRDA:110,1,0,0
BRDA:110,2,0,7
BRDA:120,3,0,7
BRDA:121,4,0,7
BRDA:129,5,0,7
BRDA:131,6,0,1
BRDA:131,7,0,1
BRDA:134,8,0,6
BRDA:141,9,0,12
BRDA:148,10,0,11
BRDA:148,11,0,1
BRDA:150,12,0,11
BRDA:151,13,0,1
BRDA:153,14,0,10
BRDA:154,15,0,9
BRDA:154,16,0,1
BRDA:156,17,0,9
BRDA:158,18,0,2
BRDA:160,19,0,7
BRDA:168,20,0,6
BRDA:174,21,0,1
BRDA:175,22,0,0
BRDA:181,23,0,0
BRDA:186,24,0,0
BRDA:187,25,0,7
BRDA:188,26,0,0
BRF:27
BRH:22
end_of_record
TN:
SF:src\app\api\dojo\submit\route.ts
FN:76,buildScript
FN:84,runScript
FN:95,POST
FNF:3
FNH:3
FNDA:5,buildScript
FNDA:5,runScript
FNDA:10,POST
DA:1,1
DA:9,1
DA:20,1
DA:21,1
DA:22,1
DA:23,1
DA:24,1
DA:25,1
DA:26,1
DA:27,1
DA:28,1
DA:29,1
DA:30,1
DA:31,1
DA:32,1
DA:33,1
DA:34,1
DA:35,1
DA:36,1
DA:37,1
DA:38,1
DA:39,1
DA:40,1
DA:41,1
DA:42,1
DA:43,1
DA:44,1
DA:45,1
DA:46,1
DA:47,1
DA:48,1
DA:49,1
DA:50,1
DA:51,1
DA:52,1
DA:53,1
DA:54,1
DA:55,1
DA:56,1
DA:57,1
DA:58,1
DA:59,1
DA:60,1
DA:61,1
DA:62,1
DA:63,1
DA:64,1
DA:65,1
DA:66,1
DA:67,1
DA:68,1
DA:69,1
DA:70,1
DA:71,1
DA:72,1
DA:73,1
DA:74,1
DA:76,5
DA:77,5
DA:78,5
DA:79,5
DA:80,5
DA:81,5
DA:82,5
DA:84,5
DA:85,5
DA:86,5
DA:87,5
DA:88,5
DA:89,5
DA:90,5
DA:91,5
DA:92,5
DA:93,5
DA:95,10
DA:96,10
DA:97,10
DA:98,10
DA:99,10
DA:101,10
DA:102,10
DA:103,1
DA:104,1
DA:105,10
DA:106,1
DA:107,1
DA:108,10
DA:109,0
DA:110,0
DA:111,10
DA:112,1
DA:113,1
DA:114,10
DA:115,2
DA:116,2
DA:118,5
DA:119,5
DA:120,5
DA:122,5
DA:123,5
DA:124,5
DA:126,5
DA:127,5
DA:128,5
DA:129,5
DA:130,10
DA:131,10
DA:133,10
DA:134,10
DA:135,1
DA:136,1
DA:138,10
DA:139,10
DA:140,10
DA:141,10
DA:142,10
DA:143,10
DA:144,10
DA:145,10
DA:146,10
DA:147,0
DA:148,0
DA:149,0
DA:150,0
DA:151,0
DA:152,10
DA:153,10
DA:154,10
DA:155,10
LF:129
LH:122
BRDA:76,0,0,5
BRDA:84,1,0,5
BRDA:85,2,0,5
BRDA:87,3,0,5
BRDA:89,4,0,0
BRDA:89,5,0,0
BRDA:95,6,0,10
BRDA:102,7,0,9
BRDA:102,8,0,1
BRDA:104,9,0,9
BRDA:105,10,0,1
BRDA:107,11,0,8
BRDA:108,12,0,0
BRDA:110,13,0,8
BRDA:111,14,0,1
BRDA:113,15,0,7
BRDA:114,16,0,6
BRDA:114,17,0,2
BRDA:116,18,0,5
BRDA:130,19,0,0
BRDA:134,20,0,4
BRDA:134,21,0,1
BRDA:135,22,0,0
BRDA:143,23,0,5
BRDA:143,24,0,0
BRDA:146,25,0,0
BRDA:153,26,0,5
BRDA:153,27,0,0
BRDA:128,28,0,15
BRDA:129,29,0,15
BRDA:129,30,0,15
BRDA:130,31,0,15
BRDA:131,32,0,15
BRF:33
BRH:25
end_of_record
TN:
SF:src\app\api\labs\route.ts
FN:1,(empty-report)
FNF:1
FNH:0
FNDA:0,(empty-report)
DA:1,0
DA:3,0
DA:4,0
DA:5,0
DA:6,0
DA:7,0
DA:8,0
DA:9,0
DA:10,0
DA:11,0
DA:12,0
DA:13,0
DA:14,0
DA:15,0
DA:16,0
DA:17,0
DA:18,0
DA:19,0
DA:20,0
DA:21,0
DA:22,0
DA:23,0
DA:24,0
DA:25,0
DA:26,0
DA:27,0
DA:28,0
DA:29,0
DA:30,0
DA:31,0
DA:32,0
DA:33,0
DA:34,0
DA:35,0
DA:36,0
DA:37,0
DA:38,0
DA:39,0
DA:40,0
DA:41,0
DA:42,0
DA:43,0
DA:44,0
DA:45,0
DA:46,0
DA:47,0
DA:48,0
DA:49,0
DA:50,0
DA:51,0
DA:52,0
DA:53,0
DA:54,0
DA:55,0
DA:56,0
DA:58,0
DA:59,0
DA:60,0
LF:58
LH:0
BRDA:1,0,0,0
BRF:1
BRH:0
end_of_record
TN:
SF:src\app\api\labs\cnn\route.ts
FN:11,clampInt
FN:17,cacheKey
FN:21,runPython
FN:39,POST
FNF:4
FNH:4
FNDA:20,clampInt
FNDA:5,cacheKey
FNDA:5,runPython
FNDA:5,POST
DA:1,1
DA:5,1
DA:6,1
DA:8,1
DA:9,1
DA:11,20
DA:12,20
DA:13,20
DA:14,20
DA:15,20
DA:17,5
DA:18,5
DA:19,5
DA:21,5
DA:22,5
DA:23,5
DA:24,5
DA:25,5
DA:26,5
DA:27,5
DA:28,5
DA:29,5
DA:30,5
DA:31,5
DA:32,5
DA:33,5
DA:34,3
DA:35,5
DA:36,5
DA:37,5
DA:39,5
DA:40,5
DA:41,5
DA:43,5
DA:44,5
DA:45,5
DA:46,5
DA:47,5
DA:48,5
DA:50,5
DA:51,5
DA:52,5
DA:53,0
DA:54,0
DA:56,5
DA:57,5
DA:58,3
DA:59,5
DA:60,0
DA:61,0
DA:62,5
DA:63,3
DA:64,3
DA:65,5
DA:66,2
DA:67,2
DA:68,1
DA:69,1
DA:70,5
LF:59
LH:55
BRDA:11,0,0,20
BRDA:12,1,0,0
BRDA:13,2,0,0
BRDA:17,3,0,5
BRDA:21,4,0,5
BRDA:22,5,0,5
BRDA:31,6,0,5
BRDA:33,7,0,2
BRDA:33,8,0,2
BRDA:33,9,0,1
BRDA:33,10,0,3
BRDA:39,11,0,5
BRDA:41,12,0,0
BRDA:52,13,0,0
BRDA:52,14,0,0
BRDA:57,15,0,3
BRDA:59,16,0,0
BRDA:61,17,0,3
BRDA:62,18,0,0
BRDA:62,19,0,3
BRDA:65,20,0,2
BRDA:66,21,0,0
BRDA:67,22,0,1
BRF:23
BRH:15
end_of_record
TN:
SF:src\app\api\labs\diffusion\route.ts
FN:11,clampInt
FN:17,cacheKey
FN:21,runPython
FN:38,POST
FNF:4
FNH:4
FNDA:15,clampInt
FNDA:5,cacheKey
FNDA:5,runPython
FNDA:5,POST
DA:1,1
DA:5,1
DA:6,1
DA:8,1
DA:9,1
DA:11,15
DA:12,15
DA:13,15
DA:14,15
DA:15,15
DA:17,5
DA:18,5
DA:19,5
DA:21,5
DA:22,5
DA:23,5
DA:24,5
DA:25,5
DA:26,5
DA:27,5
DA:28,5
DA:29,5
DA:30,5
DA:31,5
DA:32,5
DA:33,4
DA:34,5
DA:35,5
DA:36,5
DA:38,5
DA:39,5
DA:40,5
DA:42,5
DA:43,5
DA:44,5
DA:45,5
DA:46,5
DA:48,5
DA:49,5
DA:50,5
DA:51,0
DA:52,0
DA:54,5
DA:55,5
DA:56,4
DA:57,5
DA:58,0
DA:59,0
DA:60,5
DA:61,4
DA:62,4
DA:63,5
DA:64,1
DA:65,1
DA:66,1
DA:67,1
DA:68,5
LF:57
LH:53
BRDA:11,0,0,15
BRDA:12,1,0,0
BRDA:13,2,0,0
BRDA:17,3,0,5
BRDA:21,4,0,5
BRDA:22,5,0,5
BRDA:30,6,0,5
BRDA:32,7,0,1
BRDA:32,8,0,1
BRDA:32,9,0,0
BRDA:32,10,0,4
BRDA:38,11,0,5
BRDA:40,12,0,0
BRDA:50,13,0,0
BRDA:50,14,0,0
BRDA:55,15,0,4
BRDA:57,16,0,0
BRDA:59,17,0,4
BRDA:60,18,0,0
BRDA:60,19,0,4
BRDA:63,20,0,1
BRDA:64,21,0,0
BRDA:65,22,0,0
BRF:23
BRH:13
end_of_record
TN:
SF:src\app\api\labs\transformer\route.ts
FN:12,clampInt
FN:18,cacheKey
FN:22,runPython
FN:41,POST
FNF:4
FNH:4
FNDA:45,clampInt
FNDA:9,cacheKey
FNDA:8,runPython
FNDA:9,POST
DA:1,1
DA:5,1
DA:6,1
DA:8,1
DA:9,1
DA:12,45
DA:13,45
DA:14,45
DA:15,35
DA:16,35
DA:18,9
DA:19,9
DA:20,9
DA:22,8
DA:23,8
DA:24,8
DA:25,8
DA:26,8
DA:27,8
DA:28,8
DA:29,8
DA:30,8
DA:31,8
DA:32,8
DA:33,8
DA:34,8
DA:35,8
DA:36,7
DA:37,8
DA:38,8
DA:39,8
DA:41,9
DA:42,9
DA:43,9
DA:45,9
DA:46,9
DA:47,9
DA:48,9
DA:49,9
DA:50,9
DA:51,9
DA:53,9
DA:54,9
DA:55,9
DA:56,1
DA:57,1
DA:59,8
DA:60,8
DA:61,7
DA:62,9
DA:63,1
DA:64,1
DA:65,9
DA:66,5
DA:67,5
DA:68,9
DA:69,1
DA:70,1
DA:71,0
DA:72,0
DA:73,9
LF:61
LH:59
BRDA:12,0,0,45
BRDA:13,1,0,35
BRDA:13,2,0,10
BRDA:14,3,0,10
BRDA:14,4,0,35
BRDA:18,5,0,9
BRDA:22,6,0,8
BRDA:23,7,0,8
BRDA:33,8,0,8
BRDA:35,9,0,1
BRDA:35,10,0,1
BRDA:35,11,0,7
BRDA:41,12,0,9
BRDA:43,13,0,8
BRDA:43,14,0,1
BRDA:55,15,0,1
BRDA:55,16,0,1
BRDA:57,17,0,8
BRDA:60,18,0,7
BRDA:62,19,0,1
BRDA:64,20,0,6
BRDA:65,21,0,1
BRDA:65,22,0,5
BRDA:68,23,0,1
BRDA:69,24,0,0
BRDA:70,25,0,0
BRF:26
BRH:24
end_of_record
TN:
SF:src\app\api\labs\vit\route.ts
FN:11,clampInt
FN:17,cacheKey
FN:21,runPython
FN:39,POST
FNF:4
FNH:4
FNDA:20,clampInt
FNDA:5,cacheKey
FNDA:5,runPython
FNDA:5,POST
DA:1,1
DA:5,1
DA:6,1
DA:8,1
DA:9,1
DA:11,20
DA:12,20
DA:13,20
DA:14,20
DA:15,20
DA:17,5
DA:18,5
DA:19,5
DA:21,5
DA:22,5
DA:23,5
DA:24,5
DA:25,5
DA:26,5
DA:27,5
DA:28,5
DA:29,5
DA:30,5
DA:31,5
DA:32,5
DA:33,5
DA:34,5
DA:35,5
DA:36,5
DA:37,5
DA:39,5
DA:40,5
DA:41,5
DA:43,5
DA:44,5
DA:45,5
DA:46,5
DA:47,5
DA:48,5
DA:50,5
DA:51,5
DA:52,5
DA:53,0
DA:54,0
DA:56,5
DA:57,5
DA:58,5
DA:59,5
DA:60,0
DA:61,0
DA:62,5
DA:63,4
DA:64,4
DA:65,5
DA:66,0
DA:67,0
DA:68,0
DA:69,0
DA:70,5
LF:59
LH:51
BRDA:11,0,0,20
BRDA:12,1,0,0
BRDA:13,2,0,0
BRDA:17,3,0,5
BRDA:21,4,0,5
BRDA:22,5,0,5
BRDA:31,6,0,5
BRDA:33,7,0,0
BRDA:33,8,0,0
BRDA:39,9,0,5
BRDA:41,10,0,0
BRDA:52,11,0,0
BRDA:52,12,0,0
BRDA:59,13,0,0
BRDA:62,14,0,1
BRDA:62,15,0,4
BRDA:65,16,0,0
BRF:17
BRH:8
end_of_record
TN:
SF:src\app\api\papers\[id]\block-hierarchy\route.ts
FN:20,runPython
FN:35,GET
FNF:2
FNH:2
FNDA:8,runPython
FNDA:10,GET
DA:1,1
DA:5,1
DA:6,1
DA:9,1
DA:10,1
DA:11,1
DA:12,1
DA:13,1
DA:14,1
DA:17,1
DA:18,1
DA:20,8
DA:21,8
DA:22,8
DA:23,8
DA:25,8
DA:26,8
DA:27,8
DA:28,8
DA:29,8
DA:30,7
DA:31,8
DA:32,8
DA:33,8
DA:35,10
DA:36,10
DA:37,10
DA:38,10
DA:39,10
DA:40,10
DA:42,10
DA:43,2
DA:44,2
DA:47,8
DA:48,10
DA:49,0
DA:50,0
DA:51,0
DA:52,0
DA:54,8
DA:55,8
DA:56,7
DA:58,10
DA:59,1
DA:60,1
DA:62,6
DA:63,6
DA:64,6
DA:65,6
DA:66,10
DA:67,1
DA:68,1
DA:69,1
DA:70,1
DA:71,0
DA:72,0
DA:73,10
LF:57
LH:51
BRDA:20,0,0,8
BRDA:21,1,0,8
BRDA:27,2,0,8
BRDA:29,3,0,1
BRDA:29,4,0,1
BRDA:29,5,0,7
BRDA:35,6,0,10
BRDA:42,7,0,2
BRDA:44,8,0,8
BRDA:48,9,0,0
BRDA:48,10,0,0
BRDA:52,11,0,8
BRDA:55,12,0,7
BRDA:58,13,0,1
BRDA:60,14,0,6
BRDA:66,15,0,1
BRDA:67,16,0,0
BRDA:70,17,0,0
BRF:18
BRH:14
end_of_record
TN:
SF:src\app\api\papers\[id]\forward-pass\route.ts
FN:18,runPython
FN:32,GET
FNF:2
FNH:2
FNDA:7,runPython
FNDA:9,GET
DA:1,1
DA:5,1
DA:6,1
DA:8,1
DA:9,1
DA:10,1
DA:11,1
DA:12,1
DA:13,1
DA:15,1
DA:16,1
DA:18,7
DA:19,7
DA:20,7
DA:21,7
DA:22,7
DA:23,7
DA:24,7
DA:25,7
DA:26,7
DA:27,6
DA:28,7
DA:29,7
DA:30,7
DA:32,9
DA:33,9
DA:34,9
DA:35,9
DA:36,9
DA:37,9
DA:39,9
DA:40,2
DA:41,2
DA:43,7
DA:44,9
DA:45,0
DA:46,0
DA:47,0
DA:48,0
DA:50,7
DA:51,7
DA:52,6
DA:54,9
DA:55,1
DA:56,1
DA:58,5
DA:59,5
DA:60,5
DA:61,5
DA:62,9
DA:63,1
DA:64,1
DA:65,1
DA:66,1
DA:67,0
DA:68,0
DA:69,9
LF:57
LH:51
BRDA:18,0,0,7
BRDA:19,1,0,7
BRDA:24,2,0,7
BRDA:26,3,0,1
BRDA:26,4,0,1
BRDA:26,5,0,6
BRDA:32,6,0,9
BRDA:39,7,0,2
BRDA:41,8,0,7
BRDA:44,9,0,0
BRDA:44,10,0,0
BRDA:48,11,0,7
BRDA:51,12,0,6
BRDA:54,13,0,1
BRDA:56,14,0,5
BRDA:62,15,0,1
BRDA:63,16,0,0
BRDA:66,17,0,0
BRF:18
BRH:14
end_of_record
TN:
SF:src\components\block-viz\BlockBox.tsx
FN:47,BlockBox2
FN:82,onClick
FN:83,onKeyDown
FN:165,LayerRow
FNF:4
FNH:4
FNDA:39,BlockBox2
FNDA:6,onClick
FNDA:2,onKeyDown
FNDA:14,LayerRow
DA:1,1
DA:40,1
DA:41,1
DA:42,1
DA:43,1
DA:44,1
DA:45,1
DA:47,1
DA:48,39
DA:49,39
DA:50,39
DA:51,39
DA:52,39
DA:53,39
DA:54,39
DA:56,39
DA:57,39
DA:58,0
DA:59,39
DA:60,1
DA:61,38
DA:63,39
DA:64,39
DA:65,39
DA:66,39
DA:67,39
DA:68,39
DA:69,39
DA:70,39
DA:71,0
DA:72,39
DA:73,1
DA:74,38
DA:75,39
DA:78,39
DA:79,39
DA:80,39
DA:81,39
DA:82,39
DA:83,39
DA:84,2
DA:85,2
DA:86,2
DA:87,2
DA:88,2
DA:89,2
DA:90,39
DA:91,39
DA:92,39
DA:93,39
DA:94,39
DA:95,39
DA:96,39
DA:97,39
DA:100,39
DA:101,39
DA:102,18
DA:103,7
DA:104,11
DA:105,21
DA:106,39
DA:109,39
DA:110,0
DA:111,0
DA:112,0
DA:113,0
DA:114,0
DA:115,0
DA:116,0
DA:117,0
DA:118,0
DA:122,39
DA:123,39
DA:124,39
DA:125,39
DA:126,39
DA:127,39
DA:128,39
DA:129,39
DA:130,39
DA:131,39
DA:132,39
DA:133,39
DA:134,39
DA:135,39
DA:136,39
DA:139,39
DA:140,39
DA:141,39
DA:142,39
DA:143,39
DA:146,39
DA:147,39
DA:150,39
DA:151,7
DA:152,7
DA:153,7
DA:154,7
DA:155,7
DA:156,14
DA:157,7
DA:158,7
DA:160,39
DA:162,39
DA:165,14
DA:166,14
DA:167,0
DA:168,14
DA:170,14
DA:171,14
DA:172,14
DA:173,14
DA:174,14
DA:175,14
DA:176,14
DA:178,14
DA:179,0
DA:180,0
DA:181,0
DA:182,0
DA:183,0
DA:184,0
DA:185,0
DA:187,14
DA:191,14
DA:192,14
DA:193,14
DA:194,14
DA:195,14
DA:196,14
DA:197,14
DA:198,14
DA:199,14
DA:200,14
DA:201,14
DA:202,14
DA:203,14
DA:204,14
DA:207,14
DA:208,14
DA:209,14
DA:210,14
DA:211,14
DA:214,14
DA:215,14
DA:217,14
LF:146
LH:127
BRDA:47,0,0,39
BRDA:57,1,0,0
BRDA:59,2,0,1
BRDA:60,3,0,38
BRDA:70,4,0,0
BRDA:72,5,0,1
BRDA:73,6,0,38
BRDA:81,7,0,18
BRDA:81,8,0,21
BRDA:101,9,0,18
BRDA:102,10,0,7
BRDA:103,11,0,11
BRDA:104,12,0,21
BRDA:109,13,0,0
BRDA:126,14,0,1
BRDA:126,15,0,38
BRDA:150,16,0,7
BRDA:150,17,0,7
BRDA:82,18,0,6
BRDA:82,19,0,5
BRDA:82,20,0,5
BRDA:83,21,0,2
BRDA:84,22,0,1
BRDA:87,23,0,2
BRDA:155,24,0,14
BRDA:165,25,0,14
BRDA:166,26,0,0
BRDA:166,27,0,0
BRDA:178,28,0,0
BRF:29
BRH:23
end_of_record
TN:
SF:src\components\block-viz\BlockGraph.tsx
FN:57,BlockGraph2
FN:117,onClick
FN:118,onKeyDown
FNF:3
FNH:3
FNDA:15,BlockGraph2
FNDA:4,onClick
FNDA:1,onKeyDown
DA:1,1
DA:38,1
DA:39,1
DA:40,1
DA:41,1
DA:42,1
DA:43,1
DA:44,1
DA:45,1
DA:46,1
DA:47,1
DA:48,1
DA:49,1
DA:50,1
DA:51,1
DA:52,1
DA:53,1
DA:54,1
DA:55,1
DA:57,1
DA:58,15
DA:59,15
DA:60,15
DA:61,15
DA:62,15
DA:63,15
DA:64,15
DA:65,15
DA:66,15
DA:69,15
DA:70,10
DA:71,0
DA:72,0
DA:73,0
DA:74,0
DA:75,15
DA:77,15
DA:78,5
DA:79,5
DA:80,5
DA:81,1
DA:82,5
DA:83,5
DA:84,15
DA:86,15
DA:87,15
DA:88,15
DA:89,15
DA:90,15
DA:91,15
DA:92,15
DA:93,15
DA:94,15
DA:95,15
DA:96,15
DA:98,15
DA:99,29
DA:100,29
DA:101,29
DA:103,29
DA:104,29
DA:105,29
DA:106,29
DA:107,29
DA:108,29
DA:109,29
DA:110,29
DA:111,29
DA:114,29
DA:115,29
DA:116,29
DA:117,29
DA:118,29
DA:119,29
DA:120,29
DA:121,29
DA:122,29
DA:123,29
DA:124,29
DA:125,29
DA:126,29
DA:128,29
DA:129,29
DA:130,29
DA:132,29
DA:133,29
DA:134,29
DA:135,29
DA:136,29
DA:137,29
DA:138,29
DA:139,29
DA:140,29
DA:141,4
DA:142,4
DA:143,4
DA:144,4
DA:145,4
DA:146,4
DA:147,4
DA:148,4
DA:149,4
DA:150,4
DA:152,29
DA:155,29
DA:156,29
DA:157,29
DA:158,29
DA:159,29
DA:161,29
DA:162,29
DA:165,29
DA:166,25
DA:167,25
DA:168,25
DA:169,25
DA:170,25
DA:171,25
DA:172,25
DA:173,25
DA:174,25
DA:175,25
DA:176,25
DA:177,25
DA:178,25
DA:179,25
DA:180,25
DA:181,25
DA:182,25
DA:184,25
DA:185,25
DA:186,25
DA:187,25
DA:188,25
DA:189,25
DA:190,25
DA:191,25
DA:192,25
DA:193,25
DA:194,25
DA:196,29
DA:198,15
DA:199,15
DA:201,15
LF:144
LH:140
BRDA:57,0,0,15
BRDA:64,1,0,10
BRDA:64,2,0,19
BRDA:69,3,0,10
BRDA:70,4,0,0
BRDA:70,5,0,0
BRDA:77,6,0,5
BRDA:78,7,0,5
BRDA:80,8,0,4
BRDA:80,9,0,1
BRDA:98,10,0,29
BRDA:100,11,0,0
BRDA:101,12,0,0
BRDA:129,13,0,25
BRDA:129,14,0,4
BRDA:140,15,0,4
BRDA:165,16,0,25
BRDA:117,17,0,4
BRDA:118,18,0,1
BRDA:184,19,0,25
BRDA:188,20,0,2
BRF:21
BRH:17
end_of_record
TN:
SF:src\components\block-viz\FLOPsBadge.tsx
FN:11,flopsColor
FN:17,formatFlops
FN:24,formatParams
FN:31,FLOPsBadge2
FNF:4
FNH:4
FNDA:74,flopsColor
FNDA:74,formatFlops
FNDA:51,formatParams
FNDA:90,FLOPsBadge2
DA:1,1
DA:11,74
DA:12,74
DA:13,49
DA:14,14
DA:15,14
DA:17,74
DA:18,74
DA:19,49
DA:20,0
DA:21,0
DA:22,0
DA:24,51
DA:25,51
DA:26,51
DA:27,33
DA:28,0
DA:29,0
DA:31,1
DA:32,90
DA:34,74
DA:35,90
DA:36,90
DA:38,90
DA:39,90
DA:40,90
DA:41,90
DA:42,90
DA:43,90
DA:44,90
DA:45,90
DA:46,90
DA:47,90
DA:48,90
DA:49,90
DA:50,90
DA:51,90
DA:52,90
DA:53,90
DA:54,90
DA:56,90
DA:57,90
DA:58,51
DA:59,51
DA:60,51
DA:62,90
DA:64,90
LF:47
LH:42
BRDA:11,0,0,74
BRDA:12,1,0,25
BRDA:12,2,0,49
BRDA:13,3,0,35
BRDA:13,4,0,14
BRDA:17,5,0,74
BRDA:18,6,0,25
BRDA:18,7,0,49
BRDA:19,8,0,0
BRDA:24,9,0,51
BRDA:25,10,0,0
BRDA:26,11,0,18
BRDA:26,12,0,33
BRDA:27,13,0,0
BRDA:31,14,0,90
BRDA:32,15,0,16
BRDA:32,16,0,0
BRDA:32,17,0,16
BRDA:32,18,0,74
BRDA:35,19,0,0
BRDA:36,20,0,51
BRDA:36,21,0,51
BRDA:36,22,0,23
BRDA:40,23,0,51
BRDA:40,24,0,23
BRDA:45,25,0,74
BRDA:45,26,0,0
BRDA:47,27,0,74
BRDA:47,28,0,0
BRDA:57,29,0,51
BRDA:59,30,0,0
BRF:31
BRH:23
end_of_record
TN:
SF:src\components\block-viz\ForwardPassPlayer.tsx
FN:33,ForwardPassPlayer2
FN:148,onKeyDown
FN:152,onClick
FN:187,onClick
FN:192,onClick
FN:199,onClick
FN:212,onClick
FN:234,IconBtn
FNF:8
FNH:6
FNDA:27,ForwardPassPlayer2
FNDA:0,onKeyDown
FNDA:0,onClick
FNDA:1,onClick
FNDA:1,onClick
FNDA:8,onClick
FNDA:1,onClick
FNDA:104,IconBtn
DA:1,1
DA:26,1
DA:27,1
DA:28,1
DA:29,1
DA:30,1
DA:31,1
DA:33,1
DA:34,27
DA:35,27
DA:36,27
DA:37,27
DA:38,27
DA:39,27
DA:40,27
DA:42,27
DA:43,27
DA:46,27
DA:47,26
DA:48,27
DA:51,27
DA:52,17
DA:53,0
DA:54,0
DA:55,0
DA:56,0
DA:57,0
DA:58,0
DA:59,0
DA:60,0
DA:61,0
DA:62,0
DA:63,17
DA:64,17
DA:65,17
DA:66,27
DA:68,27
DA:69,10
DA:70,27
DA:72,27
DA:73,0
DA:74,0
DA:75,27
DA:77,27
DA:79,27
DA:81,27
DA:82,27
DA:83,27
DA:84,27
DA:85,27
DA:86,27
DA:87,27
DA:88,27
DA:89,27
DA:90,27
DA:92,27
DA:93,26
DA:94,26
DA:95,26
DA:96,26
DA:97,26
DA:98,26
DA:99,26
DA:100,26
DA:101,26
DA:102,26
DA:103,26
DA:104,26
DA:105,26
DA:106,26
DA:107,26
DA:108,26
DA:109,26
DA:110,26
DA:111,26
DA:112,26
DA:113,26
DA:114,26
DA:116,26
DA:117,26
DA:118,26
DA:119,26
DA:120,26
DA:122,26
DA:123,26
DA:124,26
DA:125,26
DA:129,27
DA:130,27
DA:131,27
DA:132,27
DA:133,27
DA:134,27
DA:135,27
DA:136,27
DA:137,27
DA:138,27
DA:139,27
DA:140,27
DA:141,27
DA:142,27
DA:143,27
DA:144,27
DA:145,27
DA:146,27
DA:147,27
DA:148,27
DA:149,0
DA:150,0
DA:151,0
DA:152,27
DA:153,0
DA:154,0
DA:155,0
DA:156,0
DA:157,27
DA:158,27
DA:159,27
DA:160,27
DA:161,27
DA:162,27
DA:163,27
DA:164,27
DA:166,27
DA:167,27
DA:168,27
DA:169,27
DA:170,27
DA:171,27
DA:172,27
DA:173,27
DA:174,27
DA:175,27
DA:176,27
DA:177,27
DA:180,27
DA:181,27
DA:182,27
DA:183,27
DA:184,27
DA:185,27
DA:186,27
DA:187,27
DA:188,27
DA:190,27
DA:191,27
DA:192,27
DA:193,27
DA:194,27
DA:195,27
DA:196,27
DA:197,27
DA:198,27
DA:199,27
DA:200,27
DA:201,27
DA:203,27
DA:204,27
DA:205,27
DA:208,27
DA:209,27
DA:210,104
DA:211,104
DA:212,104
DA:213,104
DA:214,104
DA:215,104
DA:216,104
DA:217,104
DA:218,104
DA:219,104
DA:220,104
DA:221,104
DA:222,104
DA:223,104
DA:225,104
DA:226,104
DA:227,27
DA:228,27
DA:229,27
DA:230,27
DA:232,27
DA:234,104
DA:235,104
DA:236,104
DA:237,104
DA:238,104
DA:239,104
DA:240,104
DA:246,104
DA:247,104
DA:248,104
DA:249,104
DA:250,104
DA:251,104
DA:252,104
DA:253,104
DA:254,104
DA:255,104
DA:256,104
DA:257,104
DA:258,104
DA:259,104
DA:260,104
DA:261,104
DA:262,104
DA:263,104
DA:264,104
DA:265,104
DA:266,104
DA:268,104
DA:269,104
DA:271,104
LF:213
LH:194
BRDA:33,0,0,27
BRDA:43,1,0,1
BRDA:77,2,0,1
BRDA:77,3,0,26
BRDA:79,4,0,0
BRDA:92,5,0,26
BRDA:138,6,0,26
BRDA:138,7,0,0
BRDA:195,8,0,0
BRDA:195,9,0,26
BRDA:196,10,0,0
BRDA:196,11,0,26
BRDA:46,12,0,26
BRDA:47,13,0,2
BRDA:51,14,0,17
BRDA:52,15,0,0
BRDA:63,16,0,17
BRDA:64,17,0,0
BRDA:68,18,0,10
BRDA:187,19,0,1
BRDA:192,20,0,1
BRDA:199,21,0,8
BRDA:209,22,0,104
BRDA:219,23,0,26
BRDA:219,24,0,78
BRDA:220,25,0,26
BRDA:220,26,0,78
BRDA:221,27,0,26
BRDA:221,28,0,78
BRDA:212,29,0,1
BRDA:234,30,0,104
BRDA:257,31,0,26
BRDA:257,32,0,78
BRDA:258,33,0,26
BRDA:258,34,0,78
BRDA:260,35,0,26
BRDA:260,36,0,78
BRDA:261,37,0,26
BRDA:261,38,0,78
BRDA:262,39,0,19
BRDA:262,40,0,85
BRDA:262,41,0,26
BRDA:262,42,0,59
BRDA:263,43,0,19
BRDA:263,44,0,85
BRDA:264,45,0,19
BRDA:264,46,0,85
BRF:47
BRH:41
end_of_record
TN:
SF:src\components\block-viz\ShapePill.tsx
FN:11,tensorRankColor
FN:20,ShapePill2
FNF:2
FNH:2
FNDA:180,tensorRankColor
FNDA:180,ShapePill2
DA:1,1
DA:11,180
DA:12,180
DA:13,180
DA:14,180
DA:15,180
DA:16,180
DA:17,180
DA:18,180
DA:20,1
DA:21,180
DA:22,0
DA:23,0
DA:24,0
DA:25,0
DA:26,0
DA:27,0
DA:28,0
DA:29,0
DA:30,0
DA:31,0
DA:32,0
DA:34,0
DA:36,0
DA:38,180
DA:39,180
DA:42,180
DA:43,180
DA:44,180
DA:45,0
DA:47,180
DA:48,180
DA:49,180
DA:50,180
DA:51,180
DA:52,180
DA:53,180
DA:54,180
DA:55,180
DA:56,180
DA:57,180
DA:58,180
DA:59,180
DA:60,180
DA:61,180
DA:62,180
DA:63,180
DA:65,180
DA:66,180
DA:67,180
DA:69,180
LF:51
LH:37
BRDA:11,0,0,180
BRDA:13,1,0,16
BRDA:14,2,0,34
BRDA:15,3,0,130
BRDA:16,4,0,0
BRDA:20,5,0,180
BRDA:21,6,0,0
BRDA:44,7,0,0
BRDA:54,8,0,0
BRDA:56,9,0,0
BRDA:65,10,0,50
BRF:11
BRH:6
end_of_record
TN:
SF:src\components\dojo\DojoEditor.tsx
FN:9,__vite_ssr_import_3__.default.ssr
FN:11,loading
FN:53,DojoEditor
FN:67,handleEditorMount
FN:95,onClick
FN:118,onClick
FN:149,onChange
FNF:7
FNH:4
FNDA:0,__vite_ssr_import_3__.default.ssr
FNDA:0,loading
FNDA:21,DojoEditor
FNDA:0,handleEditorMount
FNDA:2,onClick
FNDA:1,onClick
FNDA:11,onChange
DA:1,1
DA:9,1
DA:10,1
DA:11,1
DA:12,0
DA:13,0
DA:14,0
DA:16,0
DA:18,0
DA:19,0
DA:21,1
DA:23,1
DA:24,1
DA:25,1
DA:26,1
DA:27,1
DA:28,1
DA:29,1
DA:30,1
DA:31,1
DA:32,1
DA:33,1
DA:34,1
DA:35,1
DA:36,1
DA:37,1
DA:38,1
DA:39,1
DA:40,1
DA:41,1
DA:53,1
DA:54,21
DA:55,21
DA:56,21
DA:57,21
DA:58,21
DA:59,21
DA:60,21
DA:61,21
DA:64,21
DA:65,21
DA:67,21
DA:68,0
DA:69,0
DA:70,0
DA:71,0
DA:72,0
DA:74,21
DA:75,21
DA:77,21
DA:78,21
DA:80,21
DA:81,21
DA:82,21
DA:84,21
DA:85,21
DA:87,21
DA:88,21
DA:89,21
DA:91,21
DA:92,21
DA:93,21
DA:94,21
DA:95,21
DA:96,21
DA:97,21
DA:98,21
DA:99,21
DA:100,2
DA:101,19
DA:102,21
DA:103,21
DA:104,21
DA:105,21
DA:106,21
DA:108,21
DA:109,2
DA:110,2
DA:112,2
DA:114,19
DA:116,21
DA:117,21
DA:118,21
DA:119,21
DA:120,21
DA:121,21
DA:122,21
DA:123,2
DA:124,19
DA:125,21
DA:126,21
DA:127,21
DA:128,21
DA:129,21
DA:131,21
DA:132,2
DA:133,2
DA:135,2
DA:137,19
DA:139,21
DA:140,21
DA:141,21
DA:144,21
DA:145,21
DA:146,21
DA:147,21
DA:148,21
DA:149,21
DA:150,21
DA:151,21
DA:152,21
DA:153,21
DA:154,21
DA:155,21
DA:157,21
LF:115
LH:104
BRDA:53,0,0,21
BRDA:96,1,0,19
BRDA:99,2,0,2
BRDA:100,3,0,19
BRDA:104,4,0,19
BRDA:104,5,0,4
BRDA:104,6,0,17
BRDA:105,7,0,19
BRDA:105,8,0,4
BRDA:105,9,0,17
BRDA:108,10,0,2
BRDA:112,11,0,19
BRDA:119,12,0,19
BRDA:122,13,0,2
BRDA:123,14,0,19
BRDA:127,15,0,19
BRDA:127,16,0,4
BRDA:127,17,0,17
BRDA:128,18,0,19
BRDA:128,19,0,4
BRDA:128,20,0,17
BRDA:131,21,0,2
BRDA:135,22,0,19
BRDA:95,23,0,2
BRDA:118,24,0,1
BRDA:149,25,0,11
BRDA:149,26,0,0
BRF:27
BRH:26
end_of_record
TN:
SF:src\components\dojo\DojoProblemPage.tsx
FN:31,extractFunctionName
FN:40,DojoProblemPage
FN:215,onTabChange
FN:226,onClick
FN:275,onClick
FN:292,onClick
FNF:6
FNH:2
FNDA:10,extractFunctionName
FNDA:10,DojoProblemPage
FNDA:0,onTabChange
FNDA:0,onClick
FNDA:0,onClick
FNDA:0,onClick
DA:1,1
DA:20,1
DA:21,1
DA:22,1
DA:23,1
DA:24,1
DA:25,1
DA:26,1
DA:27,1
DA:28,1
DA:29,1
DA:31,10
DA:32,10
DA:33,10
DA:34,10
DA:40,1
DA:41,10
DA:42,10
DA:43,10
DA:44,10
DA:45,10
DA:46,10
DA:47,10
DA:48,10
DA:49,10
DA:50,10
DA:51,10
DA:52,10
DA:53,10
DA:55,10
DA:56,10
DA:58,10
DA:59,10
DA:60,0
DA:61,0
DA:62,0
DA:64,0
DA:65,0
DA:66,0
DA:67,0
DA:68,0
DA:69,0
DA:70,0
DA:71,0
DA:72,0
DA:73,0
DA:74,0
DA:76,0
DA:78,0
DA:79,0
DA:80,0
DA:81,0
DA:82,0
DA:84,0
DA:85,0
DA:86,0
DA:87,0
DA:88,0
DA:89,0
DA:90,0
DA:91,10
DA:92,10
DA:94,10
DA:95,10
DA:96,1
DA:97,1
DA:98,1
DA:100,1
DA:101,1
DA:102,1
DA:103,1
DA:104,1
DA:105,1
DA:106,1
DA:107,1
DA:108,1
DA:109,1
DA:111,1
DA:113,1
DA:114,0
DA:115,0
DA:116,0
DA:117,0
DA:119,1
DA:120,1
DA:121,1
DA:122,1
DA:123,1
DA:125,1
DA:126,1
DA:127,1
DA:128,1
DA:129,1
DA:130,1
DA:133,1
DA:134,1
DA:135,1
DA:136,1
DA:137,1
DA:138,1
DA:139,1
DA:140,1
DA:141,1
DA:142,1
DA:143,1
DA:144,1
DA:145,1
DA:148,1
DA:149,1
DA:150,1
DA:151,1
DA:152,0
DA:153,0
DA:154,0
DA:155,1
DA:156,10
DA:157,10
DA:159,10
DA:161,10
DA:162,10
DA:164,10
DA:165,10
DA:166,10
DA:168,10
DA:169,10
DA:170,10
DA:171,10
DA:172,10
DA:173,10
DA:175,10
DA:176,10
DA:177,10
DA:178,10
DA:179,10
DA:180,10
DA:182,10
DA:183,10
DA:184,1
DA:185,1
DA:186,1
DA:187,1
DA:188,1
DA:189,1
DA:190,1
DA:191,1
DA:193,1
DA:195,10
DA:196,10
DA:197,10
DA:198,10
DA:199,10
DA:200,10
DA:201,10
DA:202,10
DA:205,10
DA:207,10
DA:208,10
DA:209,10
DA:211,10
DA:212,9
DA:213,9
DA:214,9
DA:215,9
DA:216,9
DA:218,1
DA:220,1
DA:221,1
DA:222,4
DA:223,4
DA:224,4
DA:225,4
DA:226,4
DA:227,4
DA:228,4
DA:229,1
DA:230,3
DA:231,4
DA:233,4
DA:234,4
DA:235,1
DA:236,1
DA:237,1
DA:238,1
DA:239,1
DA:240,1
DA:242,10
DA:245,10
DA:247,10
DA:248,10
DA:249,10
DA:250,10
DA:251,10
DA:252,10
DA:253,10
DA:254,10
DA:255,10
DA:258,10
DA:259,10
DA:260,10
DA:263,10
DA:264,10
DA:265,10
DA:266,10
DA:267,10
DA:268,10
DA:269,10
DA:270,10
DA:272,10
DA:273,10
DA:274,10
DA:275,10
DA:276,10
DA:277,10
DA:278,8
DA:279,2
DA:280,10
DA:281,10
DA:282,10
DA:283,8
DA:284,2
DA:286,10
DA:288,10
DA:289,10
DA:290,10
DA:291,10
DA:292,10
DA:293,10
DA:294,10
DA:295,2
DA:296,8
DA:297,10
DA:298,10
DA:299,10
DA:300,2
DA:301,8
DA:303,10
DA:305,10
DA:306,1
DA:308,10
DA:309,10
DA:312,10
DA:313,10
DA:314,8
DA:315,8
DA:316,8
DA:317,8
DA:318,8
DA:319,8
DA:321,2
DA:322,2
DA:323,2
DA:324,2
DA:325,2
DA:326,2
DA:327,2
DA:328,2
DA:329,2
DA:330,2
DA:332,10
DA:333,10
DA:334,10
DA:335,10
DA:336,10
DA:338,10
LF:264
LH:230
BRDA:31,0,0,10
BRDA:33,1,0,0
BRDA:40,2,0,10
BRDA:183,3,0,1
BRDA:211,4,0,9
BRDA:216,5,0,1
BRDA:277,6,0,8
BRDA:278,7,0,2
BRDA:282,8,0,8
BRDA:283,9,0,2
BRDA:294,10,0,2
BRDA:295,11,0,8
BRDA:299,12,0,2
BRDA:300,13,0,8
BRDA:305,14,0,1
BRDA:313,15,0,8
BRDA:319,16,0,2
BRDA:95,17,0,1
BRDA:113,18,0,0
BRDA:119,19,0,0
BRDA:120,20,0,0
BRDA:121,21,0,0
BRDA:122,22,0,0
BRDA:123,23,0,0
BRDA:151,24,0,0
BRDA:145,25,0,1
BRDA:221,26,0,4
BRDA:228,27,0,1
BRDA:229,28,0,3
BRF:29
BRH:21
end_of_record
TN:
SF:src\components\dojo\TestResultPanel.tsx
FN:23,TestResultPanel
FN:112,TestCaseRow
FN:182,InfoRow
FNF:3
FNH:3
FNDA:12,TestResultPanel
FNDA:9,TestCaseRow
FNDA:27,InfoRow
DA:1,1
DA:16,1
DA:17,1
DA:18,1
DA:19,1
DA:20,1
DA:21,1
DA:23,1
DA:24,12
DA:25,12
DA:26,12
DA:27,12
DA:28,12
DA:29,12
DA:30,12
DA:31,12
DA:32,12
DA:33,12
DA:34,2
DA:35,2
DA:36,2
DA:37,2
DA:38,2
DA:39,2
DA:40,2
DA:41,2
DA:42,2
DA:43,2
DA:45,2
DA:47,12
DA:48,1
DA:49,1
DA:50,1
DA:51,1
DA:52,1
DA:53,1
DA:54,1
DA:55,1
DA:57,1
DA:58,1
DA:59,1
DA:60,1
DA:61,1
DA:62,1
DA:64,1
DA:66,12
DA:67,1
DA:68,1
DA:70,1
DA:72,1
DA:74,12
DA:76,12
DA:77,12
DA:79,12
DA:80,4
DA:81,4
DA:82,4
DA:84,4
DA:85,4
DA:86,4
DA:87,4
DA:88,4
DA:89,4
DA:90,4
DA:91,4
DA:93,4
DA:94,4
DA:95,1
DA:96,1
DA:97,1
DA:99,4
DA:103,12
DA:104,12
DA:105,9
DA:106,12
DA:107,12
DA:108,12
DA:110,12
DA:112,9
DA:113,9
DA:114,9
DA:116,9
DA:117,9
DA:118,9
DA:119,9
DA:120,9
DA:121,9
DA:122,5
DA:123,4
DA:124,0
DA:125,4
DA:126,9
DA:127,9
DA:128,5
DA:129,4
DA:130,0
DA:131,4
DA:132,9
DA:133,9
DA:135,9
DA:136,9
DA:137,9
DA:139,9
DA:140,9
DA:141,9
DA:142,9
DA:143,9
DA:144,9
DA:145,9
DA:146,9
DA:147,9
DA:149,9
DA:151,9
DA:152,9
DA:153,9
DA:154,9
DA:155,9
DA:157,9
DA:158,0
DA:159,0
DA:160,0
DA:161,0
DA:162,0
DA:163,0
DA:165,9
DA:166,9
DA:167,9
DA:169,9
DA:170,9
DA:171,9
DA:172,9
DA:173,9
DA:174,9
DA:175,9
DA:177,9
DA:178,9
DA:180,9
DA:182,27
DA:183,27
DA:184,27
DA:185,27
DA:186,27
DA:190,27
DA:191,27
DA:192,27
DA:193,27
DA:194,27
DA:195,27
DA:197,27
LF:149
LH:141
BRDA:23,0,0,12
BRDA:33,1,0,2
BRDA:41,2,0,1
BRDA:41,3,0,1
BRDA:45,4,0,10
BRDA:47,5,0,1
BRDA:64,6,0,9
BRDA:66,7,0,1
BRDA:72,8,0,8
BRDA:74,9,0,4
BRDA:74,10,0,4
BRDA:79,11,0,4
BRDA:94,12,0,1
BRDA:96,13,0,0
BRDA:104,14,0,9
BRDA:112,15,0,9
BRDA:121,16,0,5
BRDA:122,17,0,4
BRDA:123,18,0,0
BRDA:127,19,0,5
BRDA:128,20,0,4
BRDA:129,21,0,0
BRDA:137,22,0,5
BRDA:137,23,0,4
BRDA:137,24,0,0
BRDA:139,25,0,5
BRDA:139,26,0,4
BRDA:146,27,0,0
BRDA:157,28,0,0
BRDA:172,29,0,0
BRDA:173,30,0,5
BRDA:173,31,0,4
BRDA:182,32,0,27
BRDA:194,33,0,9
BRF:34
BRH:27
end_of_record
TN:
SF:src\components\labs\ArchitecturePreview.tsx
FN:29,shapeStr
FN:34,ShapeArrow
FN:56,FlopsBar
FN:72,ArchitecturePreview
FNF:4
FNH:4
FNDA:26,shapeStr
FNDA:13,ShapeArrow
FNDA:13,FlopsBar
FNDA:8,ArchitecturePreview
DA:1,1
DA:21,1
DA:22,1
DA:23,1
DA:24,1
DA:25,1
DA:26,1
DA:27,1
DA:29,26
DA:30,26
DA:31,26
DA:32,26
DA:34,13
DA:35,13
DA:36,13
DA:37,13
DA:38,13
DA:39,13
DA:40,13
DA:41,13
DA:42,13
DA:43,13
DA:44,13
DA:45,13
DA:46,13
DA:47,13
DA:48,13
DA:49,13
DA:50,13
DA:51,13
DA:52,13
DA:54,13
DA:56,13
DA:57,13
DA:58,13
DA:59,13
DA:60,13
DA:61,13
DA:62,13
DA:63,13
DA:64,13
DA:65,13
DA:66,13
DA:67,13
DA:68,13
DA:70,13
DA:72,1
DA:73,8
DA:74,1
DA:75,1
DA:76,1
DA:77,1
DA:78,1
DA:79,1
DA:80,1
DA:81,1
DA:83,1
DA:85,7
DA:86,7
DA:88,7
DA:89,7
DA:91,7
DA:92,7
DA:93,7
DA:94,7
DA:95,7
DA:96,7
DA:97,7
DA:98,7
DA:99,7
DA:100,7
DA:101,6
DA:102,8
DA:103,8
DA:104,8
DA:107,8
DA:108,8
DA:109,13
DA:111,13
DA:112,6
DA:113,6
DA:114,6
DA:115,6
DA:116,6
DA:118,13
DA:119,13
DA:120,13
DA:121,13
DA:122,13
DA:123,13
DA:124,13
DA:125,13
DA:126,13
DA:128,13
DA:129,13
DA:130,13
DA:131,13
DA:132,13
DA:133,13
DA:134,13
DA:135,13
DA:136,13
DA:137,13
DA:138,13
DA:139,13
DA:140,13
DA:141,13
DA:142,13
DA:143,13
DA:144,13
DA:145,13
DA:146,13
DA:147,13
DA:148,13
DA:149,13
DA:150,13
DA:151,13
DA:152,13
DA:153,13
DA:154,13
DA:155,13
DA:156,13
DA:157,13
DA:158,13
DA:159,6
DA:160,7
DA:161,13
DA:162,13
DA:165,13
DA:168,13
DA:171,13
DA:172,13
DA:173,13
DA:174,13
DA:175,13
DA:176,13
DA:177,13
DA:178,13
DA:180,13
DA:181,13
DA:182,8
DA:183,8
DA:184,8
DA:186,8
LF:144
LH:144
BRDA:29,0,0,26
BRDA:30,1,0,0
BRDA:34,2,0,13
BRDA:56,3,0,13
BRDA:57,4,0,0
BRDA:58,5,0,6
BRDA:58,6,0,7
BRDA:58,7,0,0
BRDA:72,8,0,8
BRDA:73,9,0,1
BRDA:83,10,0,7
BRDA:100,11,0,6
BRDA:101,12,0,1
BRDA:85,13,0,13
BRDA:86,14,0,13
BRDA:108,15,0,13
BRDA:111,16,0,6
BRDA:155,17,0,0
BRDA:158,18,0,6
BRDA:159,19,0,7
BRF:20
BRH:16
end_of_record
TN:
SF:src\components\labs\ExperimentHistory.tsx
FN:21,loadHistory
FN:30,saveHistory
FN:36,useExperimentHistory
FN:70,relativeTime
FN:79,ExperimentHistory
FNF:5
FNH:2
FNDA:0,loadHistory
FNDA:0,saveHistory
FNDA:0,useExperimentHistory
FNDA:9,relativeTime
FNDA:10,ExperimentHistory
DA:1,1
DA:18,1
DA:19,1
DA:21,0
DA:22,0
DA:23,0
DA:24,0
DA:25,0
DA:26,0
DA:27,0
DA:28,0
DA:30,0
DA:31,0
DA:32,0
DA:33,0
DA:34,0
DA:36,1
DA:37,0
DA:39,0
DA:40,0
DA:41,0
DA:43,0
DA:44,0
DA:45,0
DA:46,0
DA:47,0
DA:48,0
DA:49,0
DA:50,0
DA:51,0
DA:52,0
DA:53,0
DA:54,0
DA:56,0
DA:57,0
DA:58,0
DA:59,0
DA:61,0
DA:62,0
DA:70,9
DA:71,9
DA:72,9
DA:73,9
DA:74,9
DA:75,9
DA:76,0
DA:77,0
DA:79,1
DA:80,10
DA:82,10
DA:83,2
DA:84,2
DA:85,2
DA:86,2
DA:87,2
DA:89,2
DA:91,2
DA:93,8
DA:94,8
DA:95,8
DA:96,8
DA:97,8
DA:98,8
DA:99,8
DA:100,8
DA:101,8
DA:102,8
DA:103,8
DA:104,8
DA:105,8
DA:106,8
DA:108,8
DA:109,8
DA:110,8
DA:111,8
DA:112,9
DA:113,9
DA:114,9
DA:115,9
DA:116,9
DA:117,9
DA:118,9
DA:119,9
DA:121,9
DA:122,9
DA:123,9
DA:124,9
DA:125,9
DA:126,9
DA:127,9
DA:128,9
DA:129,9
DA:130,9
DA:131,9
DA:132,9
DA:133,9
DA:134,9
DA:135,9
DA:136,9
DA:137,9
DA:138,9
DA:139,9
DA:140,0
DA:141,9
DA:142,9
DA:143,9
DA:144,9
DA:145,9
DA:146,9
DA:147,1
DA:148,8
DA:149,9
DA:150,9
DA:152,9
DA:153,9
DA:154,9
DA:155,9
DA:156,9
DA:157,9
DA:158,9
DA:159,9
DA:160,9
DA:161,8
DA:162,8
DA:163,8
DA:165,8
LF:126
LH:88
BRDA:70,0,0,9
BRDA:73,1,0,0
BRDA:75,2,0,0
BRDA:79,3,0,10
BRDA:82,4,0,2
BRDA:91,5,0,8
BRDA:80,6,0,12
BRDA:111,7,0,9
BRDA:116,8,0,8
BRDA:116,9,0,1
BRDA:117,10,0,8
BRDA:117,11,0,1
BRDA:139,12,0,0
BRDA:146,13,0,1
BRDA:147,14,0,8
BRDA:158,15,0,9
BRF:16
BRH:13
end_of_record
TN:
SF:src\components\labs\LabSelector.tsx
FN:18,LabSelector
FN:29,onClick
FN:40,onMouseEnter
FN:46,onMouseLeave
FNF:4
FNH:3
FNDA:8,LabSelector
FNDA:2,onClick
FNDA:2,onMouseEnter
FNDA:0,onMouseLeave
DA:1,1
DA:18,1
DA:19,8
DA:20,8
DA:21,8
DA:23,8
DA:24,8
DA:25,21
DA:26,21
DA:27,21
DA:28,21
DA:29,21
DA:30,21
DA:31,21
DA:32,21
DA:33,21
DA:34,21
DA:35,21
DA:36,21
DA:37,21
DA:38,21
DA:39,21
DA:40,21
DA:41,2
DA:42,2
DA:43,2
DA:44,2
DA:45,2
DA:46,21
DA:47,0
DA:48,0
DA:49,0
DA:50,0
DA:51,0
DA:53,21
DA:54,21
DA:55,21
DA:56,21
DA:57,21
DA:59,8
DA:60,8
DA:62,8
LF:42
LH:37
BRDA:18,0,0,8
BRDA:24,1,0,21
BRDA:36,2,0,7
BRDA:36,3,0,14
BRDA:37,4,0,7
BRDA:37,5,0,14
BRDA:38,6,0,7
BRDA:38,7,0,14
BRDA:29,8,0,2
BRDA:40,9,0,2
BRF:10
BRH:10
end_of_record
TN:
SF:src\components\labs\MetricsPanel.tsx
FN:31,fmt
FN:38,MetricRow
FN:80,MetricsPanel
FNF:3
FNH:3
FNDA:31,fmt
FNDA:45,MetricRow
FNDA:12,MetricsPanel
DA:1,1
DA:31,31
DA:32,31
DA:33,31
DA:34,23
DA:35,0
DA:36,0
DA:38,45
DA:39,45
DA:40,45
DA:46,45
DA:47,45
DA:48,45
DA:49,45
DA:50,45
DA:51,45
DA:52,45
DA:53,45
DA:54,45
DA:55,45
DA:56,45
DA:57,45
DA:58,45
DA:59,45
DA:60,45
DA:61,45
DA:62,45
DA:63,45
DA:64,45
DA:65,45
DA:66,45
DA:67,45
DA:68,45
DA:70,45
DA:71,45
DA:72,9
DA:73,9
DA:74,9
DA:76,45
DA:78,45
DA:80,1
DA:81,12
DA:82,1
DA:83,1
DA:84,1
DA:86,1
DA:88,1
DA:89,12
DA:90,1
DA:91,1
DA:92,1
DA:93,1
DA:94,1
DA:95,1
DA:96,1
DA:97,1
DA:98,1
DA:100,1
DA:101,12
DA:102,1
DA:103,1
DA:105,1
DA:107,1
DA:109,9
DA:111,9
DA:112,9
DA:113,9
DA:114,9
DA:115,9
DA:116,9
DA:117,9
DA:118,9
DA:119,9
DA:120,9
DA:121,9
DA:122,9
DA:123,9
DA:124,9
DA:125,9
DA:126,9
DA:127,9
DA:128,9
DA:129,9
DA:130,9
DA:131,0
DA:132,12
DA:133,12
DA:134,12
DA:136,12
DA:137,4
DA:138,4
DA:139,2
DA:140,2
DA:141,4
DA:142,2
DA:143,2
DA:144,4
DA:145,2
DA:146,2
DA:147,2
DA:148,2
DA:149,2
DA:150,2
DA:151,2
DA:152,4
DA:154,12
DA:155,1
DA:156,1
DA:158,12
DA:159,1
DA:160,1
DA:161,1
DA:162,1
DA:163,1
DA:164,1
DA:165,1
DA:166,0
DA:167,0
DA:168,1
DA:170,9
DA:171,9
DA:172,9
DA:174,9
DA:175,9
DA:176,45
DA:177,9
DA:178,9
DA:180,9
LF:128
LH:123
BRDA:31,0,0,31
BRDA:32,1,0,0
BRDA:33,2,0,8
BRDA:33,3,0,23
BRDA:34,4,0,0
BRDA:38,5,0,45
BRDA:51,6,0,9
BRDA:51,7,0,36
BRDA:52,8,0,9
BRDA:52,9,0,36
BRDA:63,10,0,9
BRDA:63,11,0,36
BRDA:71,12,0,9
BRDA:80,13,0,12
BRDA:81,14,0,1
BRDA:88,15,0,11
BRDA:89,16,0,1
BRDA:100,17,0,10
BRDA:101,18,0,1
BRDA:107,19,0,9
BRDA:130,20,0,1
BRDA:130,21,0,8
BRDA:130,22,0,0
BRDA:132,23,0,9
BRDA:132,24,0,1
BRDA:132,25,0,8
BRDA:136,26,0,6
BRDA:136,27,0,4
BRDA:137,28,0,3
BRDA:138,29,0,2
BRDA:139,30,0,1
BRDA:139,31,0,1
BRDA:141,32,0,2
BRDA:142,33,0,0
BRDA:144,34,0,2
BRDA:152,35,0,9
BRDA:154,36,0,4
BRDA:154,37,0,1
BRDA:156,38,0,9
BRDA:158,39,0,1
BRDA:165,40,0,0
BRDA:168,41,0,9
BRDA:175,42,0,45
BRF:43
BRH:38
end_of_record
TN:
SF:src\components\labs\ParameterControls.tsx
FN:21,ParameterControls
FN:54,onChange
FN:81,onChange
FNF:3
FNH:3
FNDA:11,ParameterControls
FNDA:1,onChange
FNDA:1,onChange
DA:1,1
DA:21,1
DA:22,11
DA:23,11
DA:24,11
DA:25,11
DA:26,11
DA:27,11
DA:28,11
DA:29,11
DA:30,11
DA:31,22
DA:32,22
DA:33,22
DA:34,22
DA:35,22
DA:36,22
DA:37,22
DA:38,22
DA:39,22
DA:40,22
DA:41,22
DA:42,22
DA:44,22
DA:45,22
DA:46,22
DA:47,22
DA:48,22
DA:49,22
DA:50,22
DA:51,22
DA:52,22
DA:53,22
DA:54,22
DA:55,1
DA:56,1
DA:57,1
DA:58,22
DA:59,22
DA:60,22
DA:61,22
DA:62,22
DA:63,22
DA:64,22
DA:65,22
DA:66,22
DA:67,22
DA:68,22
DA:69,22
DA:70,22
DA:71,22
DA:72,22
DA:73,22
DA:74,22
DA:75,22
DA:76,22
DA:77,22
DA:78,22
DA:79,22
DA:80,22
DA:81,22
DA:82,22
DA:83,22
DA:84,22
DA:85,22
DA:86,22
DA:87,22
DA:88,22
DA:89,22
DA:90,22
DA:91,22
DA:92,22
DA:93,22
DA:94,22
DA:95,22
DA:96,22
DA:97,22
DA:98,22
DA:100,11
DA:101,11
DA:103,11
LF:81
LH:81
BRDA:21,0,0,11
BRDA:30,1,0,22
BRDA:31,2,0,2
BRDA:64,3,0,2
BRDA:64,4,0,20
BRDA:84,5,0,2
BRDA:84,6,0,20
BRDA:84,7,0,2
BRDA:84,8,0,20
BRDA:54,9,0,1
BRDA:81,10,0,1
BRF:11
BRH:11
end_of_record
